Copyright 1986-2015 Xilinx, Inc. All Rights Reserved.
----------------------------------------------------------------------------------------
| Tool Version     : Vivado v.2015.3 (win64) Build 1368829 Mon Sep 28 20:06:43 MDT 2015
| Date             : Wed Mar 23 21:21:29 2016
| Host             : COOL running 64-bit Service Pack 1  (build 7601)
| Command          : 
| Design           : color_mk2_v1_0
| Device           : xc7a200tsbg484-1
| Design State     : routed
| Grade            : commercial
| Process          : typical
| Characterization : Production
----------------------------------------------------------------------------------------

Power Report

Table of Contents
-----------------
1. Summary
1.1 On-Chip Components
1.2 Power Supply Summary
1.3 Confidence Level
2. Settings
2.1 Environment
2.2 Clock Constraints
3. Detailed Reports
3.1 By Hierarchy

1. Summary
----------

+--------------------------+-------+
| Total On-Chip Power (W)  | 9.711 |
| Dynamic (W)              | 9.480 |
| Device Static (W)        | 0.231 |
| Effective TJA (C/W)      | 3.3   |
| Max Ambient (C)          | 52.8  |
| Junction Temperature (C) | 57.2  |
| Confidence Level         | Low   |
| Setting File             | ---   |
| Simulation Activity File | ---   |
| Design Nets Matched      | NA    |
+--------------------------+-------+


1.1 On-Chip Components
----------------------

+--------------------------+-----------+----------+-----------+-----------------+
| On-Chip                  | Power (W) | Used     | Available | Utilization (%) |
+--------------------------+-----------+----------+-----------+-----------------+
| Slice Logic              |     3.180 |     2062 |       --- |             --- |
|   LUT as Distributed RAM |     1.830 |     1110 |     46200 |            2.40 |
|   LUT as Logic           |     1.199 |      514 |    133800 |            0.38 |
|   CARRY4                 |     0.091 |       45 |     33450 |            0.13 |
|   F7/F8 Muxes            |     0.035 |       94 |    133800 |            0.07 |
|   Register               |     0.013 |      219 |    267600 |            0.08 |
|   BUFG                   |     0.012 |        2 |        32 |            6.25 |
|   Others                 |     0.000 |        6 |       --- |             --- |
| Signals                  |     4.472 |     1335 |       --- |             --- |
| I/O                      |     1.828 |      102 |       285 |           35.79 |
| Static Power             |     0.231 |          |           |                 |
| Total                    |     9.711 |          |           |                 |
+--------------------------+-----------+----------+-----------+-----------------+


1.2 Power Supply Summary
------------------------

+-----------+-------------+-----------+-------------+------------+
| Source    | Voltage (V) | Total (A) | Dynamic (A) | Static (A) |
+-----------+-------------+-----------+-------------+------------+
| Vccint    |       1.000 |     7.942 |       7.832 |      0.110 |
| Vccaux    |       1.800 |     0.176 |       0.135 |      0.041 |
| Vcco33    |       3.300 |     0.000 |       0.000 |      0.000 |
| Vcco25    |       2.500 |     0.000 |       0.000 |      0.000 |
| Vcco18    |       1.800 |     0.786 |       0.781 |      0.005 |
| Vcco15    |       1.500 |     0.000 |       0.000 |      0.000 |
| Vcco135   |       1.350 |     0.000 |       0.000 |      0.000 |
| Vcco12    |       1.200 |     0.000 |       0.000 |      0.000 |
| Vccaux_io |       1.800 |     0.000 |       0.000 |      0.000 |
| Vccbram   |       1.000 |     0.003 |       0.000 |      0.003 |
| MGTAVcc   |       1.000 |     0.000 |       0.000 |      0.000 |
| MGTAVtt   |       1.200 |     0.000 |       0.000 |      0.000 |
| Vccadc    |       1.800 |     0.020 |       0.000 |      0.020 |
+-----------+-------------+-----------+-------------+------------+


1.3 Confidence Level
--------------------

+-----------------------------+------------+--------------------------------------------------------+--------------------------------------------------------------------------------------------------------------------+
| User Input Data             | Confidence | Details                                                | Action                                                                                                             |
+-----------------------------+------------+--------------------------------------------------------+--------------------------------------------------------------------------------------------------------------------+
| Design implementation state | High       | Design is routed                                       |                                                                                                                    |
| Clock nodes activity        | Low        | User specified less than 75% of clocks                 | Provide missing clock activity with a constraint file, simulation results or by editing the "By Clock Domain" view |
| I/O nodes activity          | Low        | More than 75% of inputs are missing user specification | Provide missing input activity with simulation results or by editing the "By Resource Type -> I/Os" view           |
| Internal nodes activity     | Medium     | User specified less than 25% of internal nodes         | Provide missing internal nodes activity with simulation results or by editing the "By Resource Type" views         |
| Device models               | High       | Device models are Production                           |                                                                                                                    |
|                             |            |                                                        |                                                                                                                    |
| Overall confidence level    | Low        |                                                        |                                                                                                                    |
+-----------------------------+------------+--------------------------------------------------------+--------------------------------------------------------------------------------------------------------------------+


2. Settings
-----------

2.1 Environment
---------------

+-----------------------+--------------------------+
| Ambient Temp (C)      | 25.0                     |
| ThetaJA (C/W)         | 3.3                      |
| Airflow (LFM)         | 250                      |
| Heat Sink             | medium (Medium Profile)  |
| ThetaSA (C/W)         | 4.6                      |
| Board Selection       | medium (10"x10")         |
| # of Board Layers     | 12to15 (12 to 15 Layers) |
| Board Temperature (C) | 25.0                     |
+-----------------------+--------------------------+


2.2 Clock Constraints
---------------------

+-------+--------+-----------------+
| Clock | Domain | Constraint (ns) |
+-------+--------+-----------------+


3. Detailed Reports
-------------------

3.1 By Hierarchy
----------------

+-----------------------------------------+-----------+
| Name                                    | Power (W) |
+-----------------------------------------+-----------+
| color_mk2_v1_0                          |     9.480 |
|   color_mk2_v1_0_M00_AXIS_inst          |     1.263 |
|   color_mk2_v1_0_S00_AXIS_inst          |     5.063 |
|     mux_sel_reg_0_127_0_0               |     0.010 |
|     mux_sel_reg_0_255_0_0               |     0.019 |
|     mux_sel_reg_1024_1279_0_0           |     0.019 |
|     mux_sel_reg_1280_1535_0_0           |     0.018 |
|     mux_sel_reg_1536_1791_0_0           |     0.020 |
|     mux_sel_reg_256_511_0_0             |     0.019 |
|     mux_sel_reg_512_767_0_0             |     0.018 |
|     mux_sel_reg_768_1023_0_0            |     0.020 |
|     stream_data_fifo0_reg_0_63_0_2      |     0.010 |
|     stream_data_fifo0_reg_0_63_3_5      |     0.007 |
|     stream_data_fifo0_reg_0_63_6_6      |     0.004 |
|     stream_data_fifo0_reg_0_63_7_7      |     0.005 |
|     stream_data_fifo0_reg_1024_1087_0_2 |     0.008 |
|     stream_data_fifo0_reg_1024_1087_3_5 |     0.007 |
|     stream_data_fifo0_reg_1024_1087_6_6 |     0.006 |
|     stream_data_fifo0_reg_1024_1087_7_7 |     0.004 |
|     stream_data_fifo0_reg_1088_1151_0_2 |     0.010 |
|     stream_data_fifo0_reg_1088_1151_3_5 |     0.010 |
|     stream_data_fifo0_reg_1088_1151_6_6 |     0.005 |
|     stream_data_fifo0_reg_1088_1151_7_7 |     0.005 |
|     stream_data_fifo0_reg_1152_1215_0_2 |     0.010 |
|     stream_data_fifo0_reg_1152_1215_3_5 |     0.010 |
|     stream_data_fifo0_reg_1152_1215_6_6 |     0.004 |
|     stream_data_fifo0_reg_1152_1215_7_7 |     0.005 |
|     stream_data_fifo0_reg_1216_1279_0_2 |     0.009 |
|     stream_data_fifo0_reg_1216_1279_3_5 |     0.009 |
|     stream_data_fifo0_reg_1216_1279_6_6 |     0.004 |
|     stream_data_fifo0_reg_1216_1279_7_7 |     0.004 |
|     stream_data_fifo0_reg_1280_1343_0_2 |     0.010 |
|     stream_data_fifo0_reg_1280_1343_3_5 |     0.009 |
|     stream_data_fifo0_reg_1280_1343_6_6 |     0.004 |
|     stream_data_fifo0_reg_1280_1343_7_7 |     0.005 |
|     stream_data_fifo0_reg_128_191_0_2   |     0.008 |
|     stream_data_fifo0_reg_128_191_3_5   |     0.008 |
|     stream_data_fifo0_reg_128_191_6_6   |     0.006 |
|     stream_data_fifo0_reg_128_191_7_7   |     0.005 |
|     stream_data_fifo0_reg_1344_1407_0_2 |     0.009 |
|     stream_data_fifo0_reg_1344_1407_3_5 |     0.010 |
|     stream_data_fifo0_reg_1344_1407_6_6 |     0.005 |
|     stream_data_fifo0_reg_1344_1407_7_7 |     0.004 |
|     stream_data_fifo0_reg_1408_1471_0_2 |     0.008 |
|     stream_data_fifo0_reg_1408_1471_3_5 |     0.010 |
|     stream_data_fifo0_reg_1408_1471_6_6 |     0.005 |
|     stream_data_fifo0_reg_1408_1471_7_7 |     0.005 |
|     stream_data_fifo0_reg_1472_1535_0_2 |     0.010 |
|     stream_data_fifo0_reg_1472_1535_3_5 |     0.008 |
|     stream_data_fifo0_reg_1472_1535_6_6 |     0.005 |
|     stream_data_fifo0_reg_1472_1535_7_7 |     0.005 |
|     stream_data_fifo0_reg_1536_1599_0_2 |     0.009 |
|     stream_data_fifo0_reg_1536_1599_3_5 |     0.008 |
|     stream_data_fifo0_reg_1536_1599_6_6 |     0.004 |
|     stream_data_fifo0_reg_1536_1599_7_7 |     0.004 |
|     stream_data_fifo0_reg_1600_1663_0_2 |     0.008 |
|     stream_data_fifo0_reg_1600_1663_3_5 |     0.009 |
|     stream_data_fifo0_reg_1600_1663_6_6 |     0.005 |
|     stream_data_fifo0_reg_1600_1663_7_7 |     0.005 |
|     stream_data_fifo0_reg_1664_1727_0_2 |     0.008 |
|     stream_data_fifo0_reg_1664_1727_3_5 |     0.008 |
|     stream_data_fifo0_reg_1664_1727_6_6 |     0.005 |
|     stream_data_fifo0_reg_1664_1727_7_7 |     0.004 |
|     stream_data_fifo0_reg_1728_1791_0_2 |     0.008 |
|     stream_data_fifo0_reg_1728_1791_3_5 |     0.009 |
|     stream_data_fifo0_reg_1728_1791_6_6 |     0.005 |
|     stream_data_fifo0_reg_1728_1791_7_7 |     0.005 |
|     stream_data_fifo0_reg_1792_1855_0_2 |     0.010 |
|     stream_data_fifo0_reg_1792_1855_3_5 |     0.008 |
|     stream_data_fifo0_reg_1792_1855_6_6 |     0.005 |
|     stream_data_fifo0_reg_1792_1855_7_7 |     0.004 |
|     stream_data_fifo0_reg_1856_1919_0_2 |     0.008 |
|     stream_data_fifo0_reg_1856_1919_3_5 |     0.008 |
|     stream_data_fifo0_reg_1856_1919_6_6 |     0.005 |
|     stream_data_fifo0_reg_1856_1919_7_7 |     0.005 |
|     stream_data_fifo0_reg_192_255_0_2   |     0.009 |
|     stream_data_fifo0_reg_192_255_3_5   |     0.009 |
|     stream_data_fifo0_reg_192_255_6_6   |     0.004 |
|     stream_data_fifo0_reg_192_255_7_7   |     0.005 |
|     stream_data_fifo0_reg_256_319_0_2   |     0.008 |
|     stream_data_fifo0_reg_256_319_3_5   |     0.008 |
|     stream_data_fifo0_reg_256_319_6_6   |     0.006 |
|     stream_data_fifo0_reg_256_319_7_7   |     0.005 |
|     stream_data_fifo0_reg_320_383_0_2   |     0.010 |
|     stream_data_fifo0_reg_320_383_3_5   |     0.009 |
|     stream_data_fifo0_reg_320_383_6_6   |     0.006 |
|     stream_data_fifo0_reg_320_383_7_7   |     0.005 |
|     stream_data_fifo0_reg_384_447_0_2   |     0.009 |
|     stream_data_fifo0_reg_384_447_3_5   |     0.010 |
|     stream_data_fifo0_reg_384_447_6_6   |     0.005 |
|     stream_data_fifo0_reg_384_447_7_7   |     0.004 |
|     stream_data_fifo0_reg_448_511_0_2   |     0.009 |
|     stream_data_fifo0_reg_448_511_3_5   |     0.010 |
|     stream_data_fifo0_reg_448_511_6_6   |     0.005 |
|     stream_data_fifo0_reg_448_511_7_7   |     0.005 |
|     stream_data_fifo0_reg_512_575_0_2   |     0.007 |
|     stream_data_fifo0_reg_512_575_3_5   |     0.007 |
|     stream_data_fifo0_reg_512_575_6_6   |     0.006 |
|     stream_data_fifo0_reg_512_575_7_7   |     0.005 |
|     stream_data_fifo0_reg_576_639_0_2   |     0.008 |
|     stream_data_fifo0_reg_576_639_3_5   |     0.009 |
|     stream_data_fifo0_reg_576_639_6_6   |     0.005 |
|     stream_data_fifo0_reg_576_639_7_7   |     0.005 |
|     stream_data_fifo0_reg_640_703_0_2   |     0.007 |
|     stream_data_fifo0_reg_640_703_3_5   |     0.008 |
|     stream_data_fifo0_reg_640_703_6_6   |     0.005 |
|     stream_data_fifo0_reg_640_703_7_7   |     0.005 |
|     stream_data_fifo0_reg_64_127_0_2    |     0.009 |
|     stream_data_fifo0_reg_64_127_3_5    |     0.009 |
|     stream_data_fifo0_reg_64_127_6_6    |     0.006 |
|     stream_data_fifo0_reg_64_127_7_7    |     0.005 |
|     stream_data_fifo0_reg_704_767_0_2   |     0.008 |
|     stream_data_fifo0_reg_704_767_3_5   |     0.009 |
|     stream_data_fifo0_reg_704_767_6_6   |     0.005 |
|     stream_data_fifo0_reg_704_767_7_7   |     0.005 |
|     stream_data_fifo0_reg_768_831_0_2   |     0.008 |
|     stream_data_fifo0_reg_768_831_3_5   |     0.010 |
|     stream_data_fifo0_reg_768_831_6_6   |     0.006 |
|     stream_data_fifo0_reg_768_831_7_7   |     0.006 |
|     stream_data_fifo0_reg_832_895_0_2   |     0.010 |
|     stream_data_fifo0_reg_832_895_3_5   |     0.008 |
|     stream_data_fifo0_reg_832_895_6_6   |     0.005 |
|     stream_data_fifo0_reg_832_895_7_7   |     0.004 |
|     stream_data_fifo0_reg_896_959_0_2   |     0.011 |
|     stream_data_fifo0_reg_896_959_3_5   |     0.008 |
|     stream_data_fifo0_reg_896_959_6_6   |     0.004 |
|     stream_data_fifo0_reg_896_959_7_7   |     0.005 |
|     stream_data_fifo0_reg_960_1023_0_2  |     0.008 |
|     stream_data_fifo0_reg_960_1023_3_5  |     0.010 |
|     stream_data_fifo0_reg_960_1023_6_6  |     0.005 |
|     stream_data_fifo0_reg_960_1023_7_7  |     0.005 |
|     stream_data_fifo1_reg_0_63_0_2      |     0.009 |
|     stream_data_fifo1_reg_0_63_3_5      |     0.010 |
|     stream_data_fifo1_reg_0_63_6_6      |     0.005 |
|     stream_data_fifo1_reg_0_63_7_7      |     0.005 |
|     stream_data_fifo1_reg_1024_1087_0_2 |     0.009 |
|     stream_data_fifo1_reg_1024_1087_3_5 |     0.007 |
|     stream_data_fifo1_reg_1024_1087_6_6 |     0.005 |
|     stream_data_fifo1_reg_1024_1087_7_7 |     0.005 |
|     stream_data_fifo1_reg_1088_1151_0_2 |     0.008 |
|     stream_data_fifo1_reg_1088_1151_3_5 |     0.008 |
|     stream_data_fifo1_reg_1088_1151_6_6 |     0.005 |
|     stream_data_fifo1_reg_1088_1151_7_7 |     0.004 |
|     stream_data_fifo1_reg_1152_1215_0_2 |     0.009 |
|     stream_data_fifo1_reg_1152_1215_3_5 |     0.009 |
|     stream_data_fifo1_reg_1152_1215_6_6 |     0.004 |
|     stream_data_fifo1_reg_1152_1215_7_7 |     0.004 |
|     stream_data_fifo1_reg_1216_1279_0_2 |     0.009 |
|     stream_data_fifo1_reg_1216_1279_3_5 |     0.007 |
|     stream_data_fifo1_reg_1216_1279_6_6 |     0.006 |
|     stream_data_fifo1_reg_1216_1279_7_7 |     0.005 |
|     stream_data_fifo1_reg_1280_1343_0_2 |     0.009 |
|     stream_data_fifo1_reg_1280_1343_3_5 |     0.008 |
|     stream_data_fifo1_reg_1280_1343_6_6 |     0.005 |
|     stream_data_fifo1_reg_1280_1343_7_7 |     0.004 |
|     stream_data_fifo1_reg_128_191_0_2   |     0.010 |
|     stream_data_fifo1_reg_128_191_3_5   |     0.009 |
|     stream_data_fifo1_reg_128_191_6_6   |     0.005 |
|     stream_data_fifo1_reg_128_191_7_7   |     0.005 |
|     stream_data_fifo1_reg_1344_1407_0_2 |     0.007 |
|     stream_data_fifo1_reg_1344_1407_3_5 |     0.008 |
|     stream_data_fifo1_reg_1344_1407_6_6 |     0.005 |
|     stream_data_fifo1_reg_1344_1407_7_7 |     0.005 |
|     stream_data_fifo1_reg_1408_1471_0_2 |     0.008 |
|     stream_data_fifo1_reg_1408_1471_3_5 |     0.008 |
|     stream_data_fifo1_reg_1408_1471_6_6 |     0.004 |
|     stream_data_fifo1_reg_1408_1471_7_7 |     0.004 |
|     stream_data_fifo1_reg_1472_1535_0_2 |     0.009 |
|     stream_data_fifo1_reg_1472_1535_3_5 |     0.008 |
|     stream_data_fifo1_reg_1472_1535_6_6 |     0.004 |
|     stream_data_fifo1_reg_1472_1535_7_7 |     0.005 |
|     stream_data_fifo1_reg_1536_1599_0_2 |     0.010 |
|     stream_data_fifo1_reg_1536_1599_3_5 |     0.007 |
|     stream_data_fifo1_reg_1536_1599_6_6 |     0.005 |
|     stream_data_fifo1_reg_1536_1599_7_7 |     0.005 |
|     stream_data_fifo1_reg_1600_1663_0_2 |     0.008 |
|     stream_data_fifo1_reg_1600_1663_3_5 |     0.006 |
|     stream_data_fifo1_reg_1600_1663_6_6 |     0.004 |
|     stream_data_fifo1_reg_1600_1663_7_7 |     0.004 |
|     stream_data_fifo1_reg_1664_1727_0_2 |     0.009 |
|     stream_data_fifo1_reg_1664_1727_3_5 |     0.009 |
|     stream_data_fifo1_reg_1664_1727_6_6 |     0.005 |
|     stream_data_fifo1_reg_1664_1727_7_7 |     0.004 |
|     stream_data_fifo1_reg_1728_1791_0_2 |     0.009 |
|     stream_data_fifo1_reg_1728_1791_3_5 |     0.008 |
|     stream_data_fifo1_reg_1728_1791_6_6 |     0.004 |
|     stream_data_fifo1_reg_1728_1791_7_7 |     0.004 |
|     stream_data_fifo1_reg_1792_1855_0_2 |     0.009 |
|     stream_data_fifo1_reg_1792_1855_3_5 |     0.011 |
|     stream_data_fifo1_reg_1792_1855_6_6 |     0.004 |
|     stream_data_fifo1_reg_1792_1855_7_7 |     0.004 |
|     stream_data_fifo1_reg_1856_1919_0_2 |     0.010 |
|     stream_data_fifo1_reg_1856_1919_3_5 |     0.009 |
|     stream_data_fifo1_reg_1856_1919_6_6 |     0.004 |
|     stream_data_fifo1_reg_1856_1919_7_7 |     0.004 |
|     stream_data_fifo1_reg_192_255_0_2   |     0.008 |
|     stream_data_fifo1_reg_192_255_3_5   |     0.009 |
|     stream_data_fifo1_reg_192_255_6_6   |     0.005 |
|     stream_data_fifo1_reg_192_255_7_7   |     0.005 |
|     stream_data_fifo1_reg_256_319_0_2   |     0.008 |
|     stream_data_fifo1_reg_256_319_3_5   |     0.008 |
|     stream_data_fifo1_reg_256_319_6_6   |     0.004 |
|     stream_data_fifo1_reg_256_319_7_7   |     0.005 |
|     stream_data_fifo1_reg_320_383_0_2   |     0.009 |
|     stream_data_fifo1_reg_320_383_3_5   |     0.008 |
|     stream_data_fifo1_reg_320_383_6_6   |     0.005 |
|     stream_data_fifo1_reg_320_383_7_7   |     0.005 |
|     stream_data_fifo1_reg_384_447_0_2   |     0.010 |
|     stream_data_fifo1_reg_384_447_3_5   |     0.009 |
|     stream_data_fifo1_reg_384_447_6_6   |     0.005 |
|     stream_data_fifo1_reg_384_447_7_7   |     0.006 |
|     stream_data_fifo1_reg_448_511_0_2   |     0.009 |
|     stream_data_fifo1_reg_448_511_3_5   |     0.010 |
|     stream_data_fifo1_reg_448_511_6_6   |     0.006 |
|     stream_data_fifo1_reg_448_511_7_7   |     0.006 |
|     stream_data_fifo1_reg_512_575_0_2   |     0.008 |
|     stream_data_fifo1_reg_512_575_3_5   |     0.008 |
|     stream_data_fifo1_reg_512_575_6_6   |     0.005 |
|     stream_data_fifo1_reg_512_575_7_7   |     0.004 |
|     stream_data_fifo1_reg_576_639_0_2   |     0.010 |
|     stream_data_fifo1_reg_576_639_3_5   |     0.008 |
|     stream_data_fifo1_reg_576_639_6_6   |     0.005 |
|     stream_data_fifo1_reg_576_639_7_7   |     0.005 |
|     stream_data_fifo1_reg_640_703_0_2   |     0.009 |
|     stream_data_fifo1_reg_640_703_3_5   |     0.009 |
|     stream_data_fifo1_reg_640_703_6_6   |     0.004 |
|     stream_data_fifo1_reg_640_703_7_7   |     0.004 |
|     stream_data_fifo1_reg_64_127_0_2    |     0.009 |
|     stream_data_fifo1_reg_64_127_3_5    |     0.008 |
|     stream_data_fifo1_reg_64_127_6_6    |     0.005 |
|     stream_data_fifo1_reg_64_127_7_7    |     0.005 |
|     stream_data_fifo1_reg_704_767_0_2   |     0.009 |
|     stream_data_fifo1_reg_704_767_3_5   |     0.008 |
|     stream_data_fifo1_reg_704_767_6_6   |     0.005 |
|     stream_data_fifo1_reg_704_767_7_7   |     0.005 |
|     stream_data_fifo1_reg_768_831_0_2   |     0.010 |
|     stream_data_fifo1_reg_768_831_3_5   |     0.009 |
|     stream_data_fifo1_reg_768_831_6_6   |     0.005 |
|     stream_data_fifo1_reg_768_831_7_7   |     0.006 |
|     stream_data_fifo1_reg_832_895_0_2   |     0.009 |
|     stream_data_fifo1_reg_832_895_3_5   |     0.008 |
|     stream_data_fifo1_reg_832_895_6_6   |     0.005 |
|     stream_data_fifo1_reg_832_895_7_7   |     0.004 |
|     stream_data_fifo1_reg_896_959_0_2   |     0.007 |
|     stream_data_fifo1_reg_896_959_3_5   |     0.008 |
|     stream_data_fifo1_reg_896_959_6_6   |     0.005 |
|     stream_data_fifo1_reg_896_959_7_7   |     0.005 |
|     stream_data_fifo1_reg_960_1023_0_2  |     0.008 |
|     stream_data_fifo1_reg_960_1023_3_5  |     0.008 |
|     stream_data_fifo1_reg_960_1023_6_6  |     0.005 |
|     stream_data_fifo1_reg_960_1023_7_7  |     0.005 |
|     stream_data_fifo2_reg_0_63_0_2      |     0.009 |
|     stream_data_fifo2_reg_0_63_3_5      |     0.011 |
|     stream_data_fifo2_reg_0_63_6_6      |     0.005 |
|     stream_data_fifo2_reg_0_63_7_7      |     0.005 |
|     stream_data_fifo2_reg_1024_1087_0_2 |     0.007 |
|     stream_data_fifo2_reg_1024_1087_3_5 |     0.011 |
|     stream_data_fifo2_reg_1024_1087_6_6 |     0.005 |
|     stream_data_fifo2_reg_1024_1087_7_7 |     0.005 |
|     stream_data_fifo2_reg_1088_1151_0_2 |     0.007 |
|     stream_data_fifo2_reg_1088_1151_3_5 |     0.007 |
|     stream_data_fifo2_reg_1088_1151_6_6 |     0.004 |
|     stream_data_fifo2_reg_1088_1151_7_7 |     0.004 |
|     stream_data_fifo2_reg_1152_1215_0_2 |     0.008 |
|     stream_data_fifo2_reg_1152_1215_3_5 |     0.008 |
|     stream_data_fifo2_reg_1152_1215_6_6 |     0.005 |
|     stream_data_fifo2_reg_1152_1215_7_7 |     0.005 |
|     stream_data_fifo2_reg_1216_1279_0_2 |     0.008 |
|     stream_data_fifo2_reg_1216_1279_3_5 |     0.010 |
|     stream_data_fifo2_reg_1216_1279_6_6 |     0.005 |
|     stream_data_fifo2_reg_1216_1279_7_7 |     0.005 |
|     stream_data_fifo2_reg_1280_1343_0_2 |     0.008 |
|     stream_data_fifo2_reg_1280_1343_3_5 |     0.008 |
|     stream_data_fifo2_reg_1280_1343_6_6 |     0.005 |
|     stream_data_fifo2_reg_1280_1343_7_7 |     0.005 |
|     stream_data_fifo2_reg_128_191_0_2   |     0.010 |
|     stream_data_fifo2_reg_128_191_3_5   |     0.007 |
|     stream_data_fifo2_reg_128_191_6_6   |     0.006 |
|     stream_data_fifo2_reg_128_191_7_7   |     0.004 |
|     stream_data_fifo2_reg_1344_1407_0_2 |     0.009 |
|     stream_data_fifo2_reg_1344_1407_3_5 |     0.009 |
|     stream_data_fifo2_reg_1344_1407_6_6 |     0.005 |
|     stream_data_fifo2_reg_1344_1407_7_7 |     0.005 |
|     stream_data_fifo2_reg_1408_1471_0_2 |     0.010 |
|     stream_data_fifo2_reg_1408_1471_3_5 |     0.009 |
|     stream_data_fifo2_reg_1408_1471_6_6 |     0.004 |
|     stream_data_fifo2_reg_1408_1471_7_7 |     0.004 |
|     stream_data_fifo2_reg_1472_1535_0_2 |     0.008 |
|     stream_data_fifo2_reg_1472_1535_3_5 |     0.009 |
|     stream_data_fifo2_reg_1472_1535_6_6 |     0.005 |
|     stream_data_fifo2_reg_1472_1535_7_7 |     0.005 |
|     stream_data_fifo2_reg_1536_1599_0_2 |     0.008 |
|     stream_data_fifo2_reg_1536_1599_3_5 |     0.006 |
|     stream_data_fifo2_reg_1536_1599_6_6 |     0.005 |
|     stream_data_fifo2_reg_1536_1599_7_7 |     0.005 |
|     stream_data_fifo2_reg_1600_1663_0_2 |     0.008 |
|     stream_data_fifo2_reg_1600_1663_3_5 |     0.008 |
|     stream_data_fifo2_reg_1600_1663_6_6 |     0.005 |
|     stream_data_fifo2_reg_1600_1663_7_7 |     0.005 |
|     stream_data_fifo2_reg_1664_1727_0_2 |     0.008 |
|     stream_data_fifo2_reg_1664_1727_3_5 |     0.007 |
|     stream_data_fifo2_reg_1664_1727_6_6 |     0.005 |
|     stream_data_fifo2_reg_1664_1727_7_7 |     0.004 |
|     stream_data_fifo2_reg_1728_1791_0_2 |     0.008 |
|     stream_data_fifo2_reg_1728_1791_3_5 |     0.008 |
|     stream_data_fifo2_reg_1728_1791_6_6 |     0.004 |
|     stream_data_fifo2_reg_1728_1791_7_7 |     0.005 |
|     stream_data_fifo2_reg_1792_1855_0_2 |     0.009 |
|     stream_data_fifo2_reg_1792_1855_3_5 |     0.008 |
|     stream_data_fifo2_reg_1792_1855_6_6 |     0.005 |
|     stream_data_fifo2_reg_1792_1855_7_7 |     0.004 |
|     stream_data_fifo2_reg_1856_1919_0_2 |     0.009 |
|     stream_data_fifo2_reg_1856_1919_3_5 |     0.010 |
|     stream_data_fifo2_reg_1856_1919_6_6 |     0.004 |
|     stream_data_fifo2_reg_1856_1919_7_7 |     0.004 |
|     stream_data_fifo2_reg_192_255_0_2   |     0.007 |
|     stream_data_fifo2_reg_192_255_3_5   |     0.008 |
|     stream_data_fifo2_reg_192_255_6_6   |     0.004 |
|     stream_data_fifo2_reg_192_255_7_7   |     0.006 |
|     stream_data_fifo2_reg_256_319_0_2   |     0.009 |
|     stream_data_fifo2_reg_256_319_3_5   |     0.009 |
|     stream_data_fifo2_reg_256_319_6_6   |     0.005 |
|     stream_data_fifo2_reg_256_319_7_7   |     0.005 |
|     stream_data_fifo2_reg_320_383_0_2   |     0.008 |
|     stream_data_fifo2_reg_320_383_3_5   |     0.008 |
|     stream_data_fifo2_reg_320_383_6_6   |     0.006 |
|     stream_data_fifo2_reg_320_383_7_7   |     0.004 |
|     stream_data_fifo2_reg_384_447_0_2   |     0.008 |
|     stream_data_fifo2_reg_384_447_3_5   |     0.010 |
|     stream_data_fifo2_reg_384_447_6_6   |     0.004 |
|     stream_data_fifo2_reg_384_447_7_7   |     0.004 |
|     stream_data_fifo2_reg_448_511_0_2   |     0.008 |
|     stream_data_fifo2_reg_448_511_3_5   |     0.008 |
|     stream_data_fifo2_reg_448_511_6_6   |     0.006 |
|     stream_data_fifo2_reg_448_511_7_7   |     0.004 |
|     stream_data_fifo2_reg_512_575_0_2   |     0.008 |
|     stream_data_fifo2_reg_512_575_3_5   |     0.008 |
|     stream_data_fifo2_reg_512_575_6_6   |     0.004 |
|     stream_data_fifo2_reg_512_575_7_7   |     0.005 |
|     stream_data_fifo2_reg_576_639_0_2   |     0.009 |
|     stream_data_fifo2_reg_576_639_3_5   |     0.008 |
|     stream_data_fifo2_reg_576_639_6_6   |     0.005 |
|     stream_data_fifo2_reg_576_639_7_7   |     0.005 |
|     stream_data_fifo2_reg_640_703_0_2   |     0.009 |
|     stream_data_fifo2_reg_640_703_3_5   |     0.007 |
|     stream_data_fifo2_reg_640_703_6_6   |     0.004 |
|     stream_data_fifo2_reg_640_703_7_7   |     0.005 |
|     stream_data_fifo2_reg_64_127_0_2    |     0.008 |
|     stream_data_fifo2_reg_64_127_3_5    |     0.010 |
|     stream_data_fifo2_reg_64_127_6_6    |     0.005 |
|     stream_data_fifo2_reg_64_127_7_7    |     0.004 |
|     stream_data_fifo2_reg_704_767_0_2   |     0.009 |
|     stream_data_fifo2_reg_704_767_3_5   |     0.009 |
|     stream_data_fifo2_reg_704_767_6_6   |     0.004 |
|     stream_data_fifo2_reg_704_767_7_7   |     0.005 |
|     stream_data_fifo2_reg_768_831_0_2   |     0.009 |
|     stream_data_fifo2_reg_768_831_3_5   |     0.008 |
|     stream_data_fifo2_reg_768_831_6_6   |     0.005 |
|     stream_data_fifo2_reg_768_831_7_7   |     0.004 |
|     stream_data_fifo2_reg_832_895_0_2   |     0.010 |
|     stream_data_fifo2_reg_832_895_3_5   |     0.009 |
|     stream_data_fifo2_reg_832_895_6_6   |     0.006 |
|     stream_data_fifo2_reg_832_895_7_7   |     0.004 |
|     stream_data_fifo2_reg_896_959_0_2   |     0.010 |
|     stream_data_fifo2_reg_896_959_3_5   |     0.007 |
|     stream_data_fifo2_reg_896_959_6_6   |     0.005 |
|     stream_data_fifo2_reg_896_959_7_7   |     0.005 |
|     stream_data_fifo2_reg_960_1023_0_2  |     0.008 |
|     stream_data_fifo2_reg_960_1023_3_5  |     0.008 |
|     stream_data_fifo2_reg_960_1023_6_6  |     0.004 |
|     stream_data_fifo2_reg_960_1023_7_7  |     0.006 |
+-----------------------------------------+-----------+


