#-----------------------------------------------------------
# Vivado v2015.3 (64-bit)
# SW Build 1368829 on Mon Sep 28 20:06:43 MDT 2015
# IP Build 1367837 on Mon Sep 28 08:56:14 MDT 2015
# Start of session at: Wed Mar 23 12:57:18 2016
# Process ID: 12276
# Current directory: C:/532/color_laser_detect_ip_v1.42/ip_repo
# Command line: vivado.exe -gui_launcher_event rodinguilauncherevent8332 C:\532\color_laser_detect_ip_v1.42\ip_repo\edit_color_mk2_v1_0.xpr
# Log file: C:/532/color_laser_detect_ip_v1.42/ip_repo/vivado.log
# Journal file: C:/532/color_laser_detect_ip_v1.42/ip_repo\vivado.jou
#-----------------------------------------------------------
start_gui
open_project C:/532/color_laser_detect_ip_v1.42/ip_repo/edit_color_mk2_v1_0.xpr
INFO: [Project 1-313] Project file moved from 'D:/532/laser_detect_ip_v1.41/ip_repo' since last save.
Scanning sources...
Finished scanning sources
INFO: [IP_Flow 19-234] Refreshing IP repositories
INFO: [IP_Flow 19-1700] Loaded user IP repository 'c:/532/color_laser_detect_ip_v1.42/ip_repo/color_mk2_1.0'.
INFO: [IP_Flow 19-2313] Loaded Vivado IP repository 'C:/Xilinx/Vivado/2015.3/data/ip'.
open_project: Time (s): cpu = 00:00:18 ; elapsed = 00:00:09 . Memory (MB): peak = 792.652 ; gain = 206.781
ipx::open_ipxact_file C:/532/color_laser_detect_ip_v1.42/ip_repo/color_mk2_1.0/component.xml
WARNING: [IP_Flow 19-4308] Project file 'src/color_tb.v' is not found in the component files. Please add the packaging file if necessary.
WARNING: [IP_Flow 19-4308] Project file 'C:/532/color_laser_detect_ip_v1.42/ip_repo/color_tb_behav.wcfg' is not found in the component files. Please add the packaging file if necessary.
WARNING: [IP_Flow 19-469] Gui parameter('Y_LENGTH') creation is incomplete. Corresponding component parameter does not exist
ERROR: [Ipptcl 7-17] Invalid Parameter 'Y_LENGTH'.
ERROR: [Common 17-39] 'add_param' failed due to earlier errors.
ERROR: [IP_Flow 19-3475] Tcl error in init_gui procedure for IP 'color_mk2_0'. ERROR: [Common 17-39] 'add_param' failed due to earlier errors.

ERROR: [Common 17-39] 'ipx::open_ipxact_file' failed due to earlier errors.
ipgui::add_param -name {V_RESOLUTION} -component [ipx::current_core] -display_name {V_RESOLUTION} -show_label {true} -show_range {true} -widget {}
WARNING: [IP_Flow 19-4067] Ignoring invalid widget type specified .Providing a default widget
launch_simulation
INFO: [USF-XSim-27] Simulation object is 'sim_1'
INFO: [USF-XSim-37] Inspecting design source files for 'color_tb' in fileset 'sim_1'...
INFO: [USF-XSim-97] Finding global include files...
INFO: [USF-XSim-100] Fetching design files from 'sources_1'...(this may take a while)...
INFO: [USF-XSim-101] Fetching design files from 'sim_1'...
INFO: [USF-XSim-2] XSim::Compile design
INFO: [USF-XSim-61] Executing 'COMPILE' step in 'C:/532/color_laser_detect_ip_v1.42/ip_repo/edit_color_mk2_v1_0.sim/sim_1/behav'
"xvlog -m64 --relax -prj color_tb_vlog.prj"
INFO: [VRFC 10-2263] Analyzing Verilog file "C:/532/color_laser_detect_ip_v1.42/ip_repo/color_mk2_1.0/hdl/color_mk2_v1_0_M00_AXIS.v" into library xil_defaultlib
INFO: [VRFC 10-311] analyzing module color_mk2_v1_0_M00_AXIS
INFO: [VRFC 10-2458] undeclared symbol M_AXIS_TSTRB, assumed default net type wire [C:/532/color_laser_detect_ip_v1.42/ip_repo/color_mk2_1.0/hdl/color_mk2_v1_0_M00_AXIS.v:101]
WARNING: [VRFC 10-756] identifier bit_num_x is used before its declaration [C:/532/color_laser_detect_ip_v1.42/ip_repo/color_mk2_1.0/hdl/color_mk2_v1_0_M00_AXIS.v:21]
WARNING: [VRFC 10-756] identifier bit_num_y is used before its declaration [C:/532/color_laser_detect_ip_v1.42/ip_repo/color_mk2_1.0/hdl/color_mk2_v1_0_M00_AXIS.v:22]
INFO: [VRFC 10-2263] Analyzing Verilog file "C:/532/color_laser_detect_ip_v1.42/ip_repo/color_mk2_1.0/hdl/color_mk2_v1_0_S00_AXIS.v" into library xil_defaultlib
INFO: [VRFC 10-311] analyzing module color_mk2_v1_0_S00_AXIS
WARNING: [VRFC 10-756] identifier bit_num_x is used before its declaration [C:/532/color_laser_detect_ip_v1.42/ip_repo/color_mk2_1.0/hdl/color_mk2_v1_0_S00_AXIS.v:23]
WARNING: [VRFC 10-756] identifier bit_num_y is used before its declaration [C:/532/color_laser_detect_ip_v1.42/ip_repo/color_mk2_1.0/hdl/color_mk2_v1_0_S00_AXIS.v:24]
WARNING: [VRFC 10-756] identifier bit_num_x is used before its declaration [C:/532/color_laser_detect_ip_v1.42/ip_repo/color_mk2_1.0/hdl/color_mk2_v1_0_S00_AXIS.v:27]
WARNING: [VRFC 10-756] identifier bit_num_y is used before its declaration [C:/532/color_laser_detect_ip_v1.42/ip_repo/color_mk2_1.0/hdl/color_mk2_v1_0_S00_AXIS.v:28]
WARNING: [VRFC 10-756] identifier bit_num_x is used before its declaration [C:/532/color_laser_detect_ip_v1.42/ip_repo/color_mk2_1.0/hdl/color_mk2_v1_0_S00_AXIS.v:30]
WARNING: [VRFC 10-756] identifier bit_num_y is used before its declaration [C:/532/color_laser_detect_ip_v1.42/ip_repo/color_mk2_1.0/hdl/color_mk2_v1_0_S00_AXIS.v:31]
WARNING: [VRFC 10-756] identifier write_state is used before its declaration [C:/532/color_laser_detect_ip_v1.42/ip_repo/color_mk2_1.0/hdl/color_mk2_v1_0_S00_AXIS.v:177]
WARNING: [VRFC 10-756] identifier write_state is used before its declaration [C:/532/color_laser_detect_ip_v1.42/ip_repo/color_mk2_1.0/hdl/color_mk2_v1_0_S00_AXIS.v:182]
INFO: [VRFC 10-2263] Analyzing Verilog file "C:/532/color_laser_detect_ip_v1.42/ip_repo/color_mk2_1.0/hdl/color_mk2_v1_0.v" into library xil_defaultlib
INFO: [VRFC 10-311] analyzing module color_mk2_v1_0
ERROR: [VRFC 10-91] H_RESOlUTION is not declared [C:/532/color_laser_detect_ip_v1.42/ip_repo/color_mk2_1.0/hdl/color_mk2_v1_0.v:56]
ERROR: [VRFC 10-1040] module color_mk2_v1_0 ignored due to previous errors [C:/532/color_laser_detect_ip_v1.42/ip_repo/color_mk2_1.0/hdl/color_mk2_v1_0.v:4]
ERROR: [USF-XSim-62] 'compile' step failed with error(s) while executing 'C:/532/color_laser_detect_ip_v1.42/ip_repo/edit_color_mk2_v1_0.sim/sim_1/behav/compile.bat' script. Please check that the file has the correct 'read/write/execute' permissions and the Tcl console output for any other possible errors or warnings.
launch_simulation
INFO: [USF-XSim-27] Simulation object is 'sim_1'
INFO: [USF-XSim-37] Inspecting design source files for 'color_tb' in fileset 'sim_1'...
INFO: [USF-XSim-97] Finding global include files...
INFO: [USF-XSim-100] Fetching design files from 'sources_1'...(this may take a while)...
INFO: [USF-XSim-101] Fetching design files from 'sim_1'...
INFO: [USF-XSim-2] XSim::Compile design
INFO: [USF-XSim-61] Executing 'COMPILE' step in 'C:/532/color_laser_detect_ip_v1.42/ip_repo/edit_color_mk2_v1_0.sim/sim_1/behav'
"xvlog -m64 --relax -prj color_tb_vlog.prj"
INFO: [VRFC 10-2263] Analyzing Verilog file "C:/532/color_laser_detect_ip_v1.42/ip_repo/color_mk2_1.0/hdl/color_mk2_v1_0_M00_AXIS.v" into library xil_defaultlib
INFO: [VRFC 10-311] analyzing module color_mk2_v1_0_M00_AXIS
INFO: [VRFC 10-2458] undeclared symbol M_AXIS_TSTRB, assumed default net type wire [C:/532/color_laser_detect_ip_v1.42/ip_repo/color_mk2_1.0/hdl/color_mk2_v1_0_M00_AXIS.v:101]
WARNING: [VRFC 10-756] identifier bit_num_x is used before its declaration [C:/532/color_laser_detect_ip_v1.42/ip_repo/color_mk2_1.0/hdl/color_mk2_v1_0_M00_AXIS.v:21]
WARNING: [VRFC 10-756] identifier bit_num_y is used before its declaration [C:/532/color_laser_detect_ip_v1.42/ip_repo/color_mk2_1.0/hdl/color_mk2_v1_0_M00_AXIS.v:22]
INFO: [VRFC 10-2263] Analyzing Verilog file "C:/532/color_laser_detect_ip_v1.42/ip_repo/color_mk2_1.0/hdl/color_mk2_v1_0_S00_AXIS.v" into library xil_defaultlib
INFO: [VRFC 10-311] analyzing module color_mk2_v1_0_S00_AXIS
WARNING: [VRFC 10-756] identifier bit_num_x is used before its declaration [C:/532/color_laser_detect_ip_v1.42/ip_repo/color_mk2_1.0/hdl/color_mk2_v1_0_S00_AXIS.v:23]
WARNING: [VRFC 10-756] identifier bit_num_y is used before its declaration [C:/532/color_laser_detect_ip_v1.42/ip_repo/color_mk2_1.0/hdl/color_mk2_v1_0_S00_AXIS.v:24]
WARNING: [VRFC 10-756] identifier bit_num_x is used before its declaration [C:/532/color_laser_detect_ip_v1.42/ip_repo/color_mk2_1.0/hdl/color_mk2_v1_0_S00_AXIS.v:27]
WARNING: [VRFC 10-756] identifier bit_num_y is used before its declaration [C:/532/color_laser_detect_ip_v1.42/ip_repo/color_mk2_1.0/hdl/color_mk2_v1_0_S00_AXIS.v:28]
WARNING: [VRFC 10-756] identifier bit_num_x is used before its declaration [C:/532/color_laser_detect_ip_v1.42/ip_repo/color_mk2_1.0/hdl/color_mk2_v1_0_S00_AXIS.v:30]
WARNING: [VRFC 10-756] identifier bit_num_y is used before its declaration [C:/532/color_laser_detect_ip_v1.42/ip_repo/color_mk2_1.0/hdl/color_mk2_v1_0_S00_AXIS.v:31]
WARNING: [VRFC 10-756] identifier write_state is used before its declaration [C:/532/color_laser_detect_ip_v1.42/ip_repo/color_mk2_1.0/hdl/color_mk2_v1_0_S00_AXIS.v:177]
WARNING: [VRFC 10-756] identifier write_state is used before its declaration [C:/532/color_laser_detect_ip_v1.42/ip_repo/color_mk2_1.0/hdl/color_mk2_v1_0_S00_AXIS.v:182]
INFO: [VRFC 10-2263] Analyzing Verilog file "C:/532/color_laser_detect_ip_v1.42/ip_repo/color_mk2_1.0/hdl/color_mk2_v1_0.v" into library xil_defaultlib
INFO: [VRFC 10-311] analyzing module color_mk2_v1_0
INFO: [VRFC 10-2263] Analyzing Verilog file "C:/532/color_laser_detect_ip_v1.42/ip_repo/color_mk2_1.0/src/color_tb.v" into library xil_defaultlib
INFO: [VRFC 10-311] analyzing module color_tb
WARNING: [VRFC 10-756] identifier data is used before its declaration [C:/532/color_laser_detect_ip_v1.42/ip_repo/color_mk2_1.0/src/color_tb.v:47]
WARNING: [VRFC 10-756] identifier data is used before its declaration [C:/532/color_laser_detect_ip_v1.42/ip_repo/color_mk2_1.0/src/color_tb.v:48]
WARNING: [VRFC 10-756] identifier data is used before its declaration [C:/532/color_laser_detect_ip_v1.42/ip_repo/color_mk2_1.0/src/color_tb.v:49]
WARNING: [VRFC 10-756] identifier data is used before its declaration [C:/532/color_laser_detect_ip_v1.42/ip_repo/color_mk2_1.0/src/color_tb.v:50]
WARNING: [VRFC 10-756] identifier data is used before its declaration [C:/532/color_laser_detect_ip_v1.42/ip_repo/color_mk2_1.0/src/color_tb.v:51]
WARNING: [VRFC 10-756] identifier data is used before its declaration [C:/532/color_laser_detect_ip_v1.42/ip_repo/color_mk2_1.0/src/color_tb.v:52]
WARNING: [VRFC 10-756] identifier data is used before its declaration [C:/532/color_laser_detect_ip_v1.42/ip_repo/color_mk2_1.0/src/color_tb.v:54]
WARNING: [VRFC 10-756] identifier data is used before its declaration [C:/532/color_laser_detect_ip_v1.42/ip_repo/color_mk2_1.0/src/color_tb.v:55]
WARNING: [VRFC 10-756] identifier data is used before its declaration [C:/532/color_laser_detect_ip_v1.42/ip_repo/color_mk2_1.0/src/color_tb.v:56]
WARNING: [VRFC 10-756] identifier data is used before its declaration [C:/532/color_laser_detect_ip_v1.42/ip_repo/color_mk2_1.0/src/color_tb.v:57]
WARNING: [VRFC 10-756] identifier data is used before its declaration [C:/532/color_laser_detect_ip_v1.42/ip_repo/color_mk2_1.0/src/color_tb.v:58]
WARNING: [VRFC 10-756] identifier data is used before its declaration [C:/532/color_laser_detect_ip_v1.42/ip_repo/color_mk2_1.0/src/color_tb.v:59]
WARNING: [VRFC 10-756] identifier data is used before its declaration [C:/532/color_laser_detect_ip_v1.42/ip_repo/color_mk2_1.0/src/color_tb.v:60]
INFO: [VRFC 10-2263] Analyzing Verilog file "C:/532/color_laser_detect_ip_v1.42/ip_repo/edit_color_mk2_v1_0.sim/sim_1/behav/glbl.v" into library xil_defaultlib
INFO: [VRFC 10-311] analyzing module glbl
INFO: [USF-XSim-3] XSim::Elaborate design
INFO: [USF-XSim-61] Executing 'ELABORATE' step in 'C:/532/color_laser_detect_ip_v1.42/ip_repo/edit_color_mk2_v1_0.sim/sim_1/behav'
Vivado Simulator 2015.3
Copyright 1986-1999, 2001-2015 Xilinx, Inc. All Rights Reserved.
Running: C:/Xilinx/Vivado/2015.3/bin/unwrapped/win64.o/xelab.exe -wto 9357baab4db8408e839840bf41a978a5 --debug typical --relax --mt 2 -L xil_defaultlib -L unisims_ver -L unimacro_ver -L secureip --snapshot color_tb_behav xil_defaultlib.color_tb xil_defaultlib.glbl -log elaborate.log 
Using 2 slave threads.
Starting static elaboration
ERROR: [VRFC 10-4] localparam FIFO_DEPTH cannot be overwritten [C:/532/color_laser_detect_ip_v1.42/ip_repo/color_mk2_1.0/src/color_tb.v:16]
ERROR: [XSIM 43-3322] Static elaboration of top level Verilog design unit(s) in library work failed.
INFO: [USF-XSim-99] Step results log file:'C:/532/color_laser_detect_ip_v1.42/ip_repo/edit_color_mk2_v1_0.sim/sim_1/behav/elaborate.log'
ERROR: [USF-XSim-62] 'elaborate' step failed with error(s). Please check the Tcl console output or 'C:/532/color_laser_detect_ip_v1.42/ip_repo/edit_color_mk2_v1_0.sim/sim_1/behav/elaborate.log' file for more information.
launch_simulation
INFO: [USF-XSim-27] Simulation object is 'sim_1'
INFO: [USF-XSim-37] Inspecting design source files for 'color_tb' in fileset 'sim_1'...
INFO: [USF-XSim-97] Finding global include files...
INFO: [USF-XSim-100] Fetching design files from 'sources_1'...(this may take a while)...
INFO: [USF-XSim-101] Fetching design files from 'sim_1'...
INFO: [USF-XSim-2] XSim::Compile design
INFO: [USF-XSim-61] Executing 'COMPILE' step in 'C:/532/color_laser_detect_ip_v1.42/ip_repo/edit_color_mk2_v1_0.sim/sim_1/behav'
"xvlog -m64 --relax -prj color_tb_vlog.prj"
INFO: [VRFC 10-2263] Analyzing Verilog file "C:/532/color_laser_detect_ip_v1.42/ip_repo/color_mk2_1.0/hdl/color_mk2_v1_0_M00_AXIS.v" into library xil_defaultlib
INFO: [VRFC 10-311] analyzing module color_mk2_v1_0_M00_AXIS
INFO: [VRFC 10-2458] undeclared symbol M_AXIS_TSTRB, assumed default net type wire [C:/532/color_laser_detect_ip_v1.42/ip_repo/color_mk2_1.0/hdl/color_mk2_v1_0_M00_AXIS.v:101]
WARNING: [VRFC 10-756] identifier bit_num_x is used before its declaration [C:/532/color_laser_detect_ip_v1.42/ip_repo/color_mk2_1.0/hdl/color_mk2_v1_0_M00_AXIS.v:21]
WARNING: [VRFC 10-756] identifier bit_num_y is used before its declaration [C:/532/color_laser_detect_ip_v1.42/ip_repo/color_mk2_1.0/hdl/color_mk2_v1_0_M00_AXIS.v:22]
INFO: [VRFC 10-2263] Analyzing Verilog file "C:/532/color_laser_detect_ip_v1.42/ip_repo/color_mk2_1.0/hdl/color_mk2_v1_0_S00_AXIS.v" into library xil_defaultlib
INFO: [VRFC 10-311] analyzing module color_mk2_v1_0_S00_AXIS
WARNING: [VRFC 10-756] identifier bit_num_x is used before its declaration [C:/532/color_laser_detect_ip_v1.42/ip_repo/color_mk2_1.0/hdl/color_mk2_v1_0_S00_AXIS.v:23]
WARNING: [VRFC 10-756] identifier bit_num_y is used before its declaration [C:/532/color_laser_detect_ip_v1.42/ip_repo/color_mk2_1.0/hdl/color_mk2_v1_0_S00_AXIS.v:24]
WARNING: [VRFC 10-756] identifier bit_num_x is used before its declaration [C:/532/color_laser_detect_ip_v1.42/ip_repo/color_mk2_1.0/hdl/color_mk2_v1_0_S00_AXIS.v:27]
WARNING: [VRFC 10-756] identifier bit_num_y is used before its declaration [C:/532/color_laser_detect_ip_v1.42/ip_repo/color_mk2_1.0/hdl/color_mk2_v1_0_S00_AXIS.v:28]
WARNING: [VRFC 10-756] identifier bit_num_x is used before its declaration [C:/532/color_laser_detect_ip_v1.42/ip_repo/color_mk2_1.0/hdl/color_mk2_v1_0_S00_AXIS.v:30]
WARNING: [VRFC 10-756] identifier bit_num_y is used before its declaration [C:/532/color_laser_detect_ip_v1.42/ip_repo/color_mk2_1.0/hdl/color_mk2_v1_0_S00_AXIS.v:31]
WARNING: [VRFC 10-756] identifier write_state is used before its declaration [C:/532/color_laser_detect_ip_v1.42/ip_repo/color_mk2_1.0/hdl/color_mk2_v1_0_S00_AXIS.v:177]
WARNING: [VRFC 10-756] identifier write_state is used before its declaration [C:/532/color_laser_detect_ip_v1.42/ip_repo/color_mk2_1.0/hdl/color_mk2_v1_0_S00_AXIS.v:182]
INFO: [VRFC 10-2263] Analyzing Verilog file "C:/532/color_laser_detect_ip_v1.42/ip_repo/color_mk2_1.0/hdl/color_mk2_v1_0.v" into library xil_defaultlib
INFO: [VRFC 10-311] analyzing module color_mk2_v1_0
INFO: [VRFC 10-2263] Analyzing Verilog file "C:/532/color_laser_detect_ip_v1.42/ip_repo/color_mk2_1.0/src/color_tb.v" into library xil_defaultlib
INFO: [VRFC 10-311] analyzing module color_tb
WARNING: [VRFC 10-756] identifier data is used before its declaration [C:/532/color_laser_detect_ip_v1.42/ip_repo/color_mk2_1.0/src/color_tb.v:46]
WARNING: [VRFC 10-756] identifier data is used before its declaration [C:/532/color_laser_detect_ip_v1.42/ip_repo/color_mk2_1.0/src/color_tb.v:47]
WARNING: [VRFC 10-756] identifier data is used before its declaration [C:/532/color_laser_detect_ip_v1.42/ip_repo/color_mk2_1.0/src/color_tb.v:48]
WARNING: [VRFC 10-756] identifier data is used before its declaration [C:/532/color_laser_detect_ip_v1.42/ip_repo/color_mk2_1.0/src/color_tb.v:49]
WARNING: [VRFC 10-756] identifier data is used before its declaration [C:/532/color_laser_detect_ip_v1.42/ip_repo/color_mk2_1.0/src/color_tb.v:50]
WARNING: [VRFC 10-756] identifier data is used before its declaration [C:/532/color_laser_detect_ip_v1.42/ip_repo/color_mk2_1.0/src/color_tb.v:51]
WARNING: [VRFC 10-756] identifier data is used before its declaration [C:/532/color_laser_detect_ip_v1.42/ip_repo/color_mk2_1.0/src/color_tb.v:53]
WARNING: [VRFC 10-756] identifier data is used before its declaration [C:/532/color_laser_detect_ip_v1.42/ip_repo/color_mk2_1.0/src/color_tb.v:54]
WARNING: [VRFC 10-756] identifier data is used before its declaration [C:/532/color_laser_detect_ip_v1.42/ip_repo/color_mk2_1.0/src/color_tb.v:55]
WARNING: [VRFC 10-756] identifier data is used before its declaration [C:/532/color_laser_detect_ip_v1.42/ip_repo/color_mk2_1.0/src/color_tb.v:56]
WARNING: [VRFC 10-756] identifier data is used before its declaration [C:/532/color_laser_detect_ip_v1.42/ip_repo/color_mk2_1.0/src/color_tb.v:57]
WARNING: [VRFC 10-756] identifier data is used before its declaration [C:/532/color_laser_detect_ip_v1.42/ip_repo/color_mk2_1.0/src/color_tb.v:58]
WARNING: [VRFC 10-756] identifier data is used before its declaration [C:/532/color_laser_detect_ip_v1.42/ip_repo/color_mk2_1.0/src/color_tb.v:59]
INFO: [VRFC 10-2263] Analyzing Verilog file "C:/532/color_laser_detect_ip_v1.42/ip_repo/edit_color_mk2_v1_0.sim/sim_1/behav/glbl.v" into library xil_defaultlib
INFO: [VRFC 10-311] analyzing module glbl
INFO: [USF-XSim-3] XSim::Elaborate design
INFO: [USF-XSim-61] Executing 'ELABORATE' step in 'C:/532/color_laser_detect_ip_v1.42/ip_repo/edit_color_mk2_v1_0.sim/sim_1/behav'
Vivado Simulator 2015.3
Copyright 1986-1999, 2001-2015 Xilinx, Inc. All Rights Reserved.
Running: C:/Xilinx/Vivado/2015.3/bin/unwrapped/win64.o/xelab.exe -wto 9357baab4db8408e839840bf41a978a5 --debug typical --relax --mt 2 -L xil_defaultlib -L unisims_ver -L unimacro_ver -L secureip --snapshot color_tb_behav xil_defaultlib.color_tb xil_defaultlib.glbl -log elaborate.log 
Using 2 slave threads.
Starting static elaboration
WARNING: [VRFC 10-278] actual bit length 12 differs from formal bit length 4 for port x_center [C:/532/color_laser_detect_ip_v1.42/ip_repo/color_mk2_1.0/hdl/color_mk2_v1_0.v:98]
WARNING: [VRFC 10-278] actual bit length 12 differs from formal bit length 11 for port y_center [C:/532/color_laser_detect_ip_v1.42/ip_repo/color_mk2_1.0/hdl/color_mk2_v1_0.v:99]
Completed static elaboration
Starting simulation data flow analysis
Completed simulation data flow analysis
Time Resolution for simulation is 1ps
Compiling module xil_defaultlib.color_mk2_v1_0_S00_AXIS(NUMBER_O...
Compiling module xil_defaultlib.color_mk2_v1_0_M00_AXIS(NUMBER_O...
Compiling module xil_defaultlib.color_mk2_v1_0(H_RESOLUTION=13)
Compiling module xil_defaultlib.color_tb
Compiling module xil_defaultlib.glbl
Built simulation snapshot color_tb_behav

****** Webtalk v2015.3 (64-bit)
  **** SW Build 1368829 on Mon Sep 28 20:06:43 MDT 2015
  **** IP Build 1367837 on Mon Sep 28 08:56:14 MDT 2015
    ** Copyright 1986-2015 Xilinx, Inc. All Rights Reserved.

source C:/532/color_laser_detect_ip_v1.42/ip_repo/edit_color_mk2_v1_0.sim/sim_1/behav/xsim.dir/color_tb_behav/webtalk/xsim_webtalk.tcl -notrace
INFO: [Common 17-206] Exiting Webtalk at Wed Mar 23 13:32:58 2016...
run_program: Time (s): cpu = 00:00:01 ; elapsed = 00:00:10 . Memory (MB): peak = 862.531 ; gain = 0.000
INFO: [USF-XSim-4] XSim::Simulate design
INFO: [USF-XSim-61] Executing 'SIMULATE' step in 'C:/532/color_laser_detect_ip_v1.42/ip_repo/edit_color_mk2_v1_0.sim/sim_1/behav'
INFO: [USF-XSim-98] *** Running xsim
   with args "color_tb_behav -key {Behavioral:sim_1:Functional:color_tb} -tclbatch {color_tb.tcl} -view {C:/532/color_laser_detect_ip_v1.42/ip_repo/color_tb_behav.wcfg} -log {simulate.log}"
INFO: [USF-XSim-8] Loading simulator feature
Vivado Simulator 2015.3
ERROR: [Simtcl 6-50] Simulation engine failed to start: A valid license was not found for simulation. Please run the Vivado License Manager for assistance in determining which features and devices are licensed for your system.
Please see the Tcl Console or the Messages for details.

ERROR: [USF-XSim-62] 'simulate' step failed with errors. Please check the Tcl console or log files for more information.
launch_simulation: Time (s): cpu = 00:00:01 ; elapsed = 00:00:29 . Memory (MB): peak = 862.531 ; gain = 0.000
launch_simulation
INFO: [USF-XSim-27] Simulation object is 'sim_1'
INFO: [USF-XSim-37] Inspecting design source files for 'color_tb' in fileset 'sim_1'...
INFO: [USF-XSim-97] Finding global include files...
INFO: [USF-XSim-100] Fetching design files from 'sources_1'...(this may take a while)...
INFO: [USF-XSim-101] Fetching design files from 'sim_1'...
INFO: [USF-XSim-2] XSim::Compile design
INFO: [USF-XSim-61] Executing 'COMPILE' step in 'C:/532/color_laser_detect_ip_v1.42/ip_repo/edit_color_mk2_v1_0.sim/sim_1/behav'
"xvlog -m64 --relax -prj color_tb_vlog.prj"
INFO: [VRFC 10-2263] Analyzing Verilog file "C:/532/color_laser_detect_ip_v1.42/ip_repo/color_mk2_1.0/hdl/color_mk2_v1_0_M00_AXIS.v" into library xil_defaultlib
INFO: [VRFC 10-311] analyzing module color_mk2_v1_0_M00_AXIS
INFO: [VRFC 10-2458] undeclared symbol M_AXIS_TSTRB, assumed default net type wire [C:/532/color_laser_detect_ip_v1.42/ip_repo/color_mk2_1.0/hdl/color_mk2_v1_0_M00_AXIS.v:101]
WARNING: [VRFC 10-756] identifier bit_num_x is used before its declaration [C:/532/color_laser_detect_ip_v1.42/ip_repo/color_mk2_1.0/hdl/color_mk2_v1_0_M00_AXIS.v:21]
WARNING: [VRFC 10-756] identifier bit_num_y is used before its declaration [C:/532/color_laser_detect_ip_v1.42/ip_repo/color_mk2_1.0/hdl/color_mk2_v1_0_M00_AXIS.v:22]
INFO: [VRFC 10-2263] Analyzing Verilog file "C:/532/color_laser_detect_ip_v1.42/ip_repo/color_mk2_1.0/hdl/color_mk2_v1_0_S00_AXIS.v" into library xil_defaultlib
INFO: [VRFC 10-311] analyzing module color_mk2_v1_0_S00_AXIS
WARNING: [VRFC 10-756] identifier bit_num_x is used before its declaration [C:/532/color_laser_detect_ip_v1.42/ip_repo/color_mk2_1.0/hdl/color_mk2_v1_0_S00_AXIS.v:23]
WARNING: [VRFC 10-756] identifier bit_num_y is used before its declaration [C:/532/color_laser_detect_ip_v1.42/ip_repo/color_mk2_1.0/hdl/color_mk2_v1_0_S00_AXIS.v:24]
WARNING: [VRFC 10-756] identifier bit_num_x is used before its declaration [C:/532/color_laser_detect_ip_v1.42/ip_repo/color_mk2_1.0/hdl/color_mk2_v1_0_S00_AXIS.v:27]
WARNING: [VRFC 10-756] identifier bit_num_y is used before its declaration [C:/532/color_laser_detect_ip_v1.42/ip_repo/color_mk2_1.0/hdl/color_mk2_v1_0_S00_AXIS.v:28]
WARNING: [VRFC 10-756] identifier bit_num_x is used before its declaration [C:/532/color_laser_detect_ip_v1.42/ip_repo/color_mk2_1.0/hdl/color_mk2_v1_0_S00_AXIS.v:30]
WARNING: [VRFC 10-756] identifier bit_num_y is used before its declaration [C:/532/color_laser_detect_ip_v1.42/ip_repo/color_mk2_1.0/hdl/color_mk2_v1_0_S00_AXIS.v:31]
WARNING: [VRFC 10-756] identifier write_state is used before its declaration [C:/532/color_laser_detect_ip_v1.42/ip_repo/color_mk2_1.0/hdl/color_mk2_v1_0_S00_AXIS.v:177]
WARNING: [VRFC 10-756] identifier write_state is used before its declaration [C:/532/color_laser_detect_ip_v1.42/ip_repo/color_mk2_1.0/hdl/color_mk2_v1_0_S00_AXIS.v:182]
INFO: [VRFC 10-2263] Analyzing Verilog file "C:/532/color_laser_detect_ip_v1.42/ip_repo/color_mk2_1.0/hdl/color_mk2_v1_0.v" into library xil_defaultlib
INFO: [VRFC 10-311] analyzing module color_mk2_v1_0
INFO: [VRFC 10-2263] Analyzing Verilog file "C:/532/color_laser_detect_ip_v1.42/ip_repo/color_mk2_1.0/src/color_tb.v" into library xil_defaultlib
INFO: [VRFC 10-311] analyzing module color_tb
WARNING: [VRFC 10-756] identifier data is used before its declaration [C:/532/color_laser_detect_ip_v1.42/ip_repo/color_mk2_1.0/src/color_tb.v:46]
WARNING: [VRFC 10-756] identifier data is used before its declaration [C:/532/color_laser_detect_ip_v1.42/ip_repo/color_mk2_1.0/src/color_tb.v:47]
WARNING: [VRFC 10-756] identifier data is used before its declaration [C:/532/color_laser_detect_ip_v1.42/ip_repo/color_mk2_1.0/src/color_tb.v:48]
WARNING: [VRFC 10-756] identifier data is used before its declaration [C:/532/color_laser_detect_ip_v1.42/ip_repo/color_mk2_1.0/src/color_tb.v:49]
WARNING: [VRFC 10-756] identifier data is used before its declaration [C:/532/color_laser_detect_ip_v1.42/ip_repo/color_mk2_1.0/src/color_tb.v:50]
WARNING: [VRFC 10-756] identifier data is used before its declaration [C:/532/color_laser_detect_ip_v1.42/ip_repo/color_mk2_1.0/src/color_tb.v:51]
WARNING: [VRFC 10-756] identifier data is used before its declaration [C:/532/color_laser_detect_ip_v1.42/ip_repo/color_mk2_1.0/src/color_tb.v:53]
WARNING: [VRFC 10-756] identifier data is used before its declaration [C:/532/color_laser_detect_ip_v1.42/ip_repo/color_mk2_1.0/src/color_tb.v:54]
WARNING: [VRFC 10-756] identifier data is used before its declaration [C:/532/color_laser_detect_ip_v1.42/ip_repo/color_mk2_1.0/src/color_tb.v:55]
WARNING: [VRFC 10-756] identifier data is used before its declaration [C:/532/color_laser_detect_ip_v1.42/ip_repo/color_mk2_1.0/src/color_tb.v:56]
WARNING: [VRFC 10-756] identifier data is used before its declaration [C:/532/color_laser_detect_ip_v1.42/ip_repo/color_mk2_1.0/src/color_tb.v:57]
WARNING: [VRFC 10-756] identifier data is used before its declaration [C:/532/color_laser_detect_ip_v1.42/ip_repo/color_mk2_1.0/src/color_tb.v:58]
WARNING: [VRFC 10-756] identifier data is used before its declaration [C:/532/color_laser_detect_ip_v1.42/ip_repo/color_mk2_1.0/src/color_tb.v:59]
INFO: [VRFC 10-2263] Analyzing Verilog file "C:/532/color_laser_detect_ip_v1.42/ip_repo/edit_color_mk2_v1_0.sim/sim_1/behav/glbl.v" into library xil_defaultlib
INFO: [VRFC 10-311] analyzing module glbl
INFO: [USF-XSim-3] XSim::Elaborate design
INFO: [USF-XSim-61] Executing 'ELABORATE' step in 'C:/532/color_laser_detect_ip_v1.42/ip_repo/edit_color_mk2_v1_0.sim/sim_1/behav'
Vivado Simulator 2015.3
Copyright 1986-1999, 2001-2015 Xilinx, Inc. All Rights Reserved.
Running: C:/Xilinx/Vivado/2015.3/bin/unwrapped/win64.o/xelab.exe -wto 9357baab4db8408e839840bf41a978a5 --debug typical --relax --mt 2 -L xil_defaultlib -L unisims_ver -L unimacro_ver -L secureip --snapshot color_tb_behav xil_defaultlib.color_tb xil_defaultlib.glbl -log elaborate.log 
Using 2 slave threads.
Starting static elaboration
WARNING: [VRFC 10-278] actual bit length 12 differs from formal bit length 4 for port x_center [C:/532/color_laser_detect_ip_v1.42/ip_repo/color_mk2_1.0/hdl/color_mk2_v1_0.v:98]
WARNING: [VRFC 10-278] actual bit length 12 differs from formal bit length 11 for port y_center [C:/532/color_laser_detect_ip_v1.42/ip_repo/color_mk2_1.0/hdl/color_mk2_v1_0.v:99]
Completed static elaboration
Starting simulation data flow analysis
Completed simulation data flow analysis
Time Resolution for simulation is 1ps
Compiling module xil_defaultlib.color_mk2_v1_0_S00_AXIS(NUMBER_O...
Compiling module xil_defaultlib.color_mk2_v1_0_M00_AXIS(NUMBER_O...
Compiling module xil_defaultlib.color_mk2_v1_0(H_RESOLUTION=13)
Compiling module xil_defaultlib.color_tb
Compiling module xil_defaultlib.glbl
Built simulation snapshot color_tb_behav

****** Webtalk v2015.3 (64-bit)
  **** SW Build 1368829 on Mon Sep 28 20:06:43 MDT 2015
  **** IP Build 1367837 on Mon Sep 28 08:56:14 MDT 2015
    ** Copyright 1986-2015 Xilinx, Inc. All Rights Reserved.

source C:/532/color_laser_detect_ip_v1.42/ip_repo/edit_color_mk2_v1_0.sim/sim_1/behav/xsim.dir/color_tb_behav/webtalk/xsim_webtalk.tcl -notrace
INFO: [Common 17-206] Exiting Webtalk at Wed Mar 23 13:34:09 2016...
INFO: [USF-XSim-4] XSim::Simulate design
INFO: [USF-XSim-61] Executing 'SIMULATE' step in 'C:/532/color_laser_detect_ip_v1.42/ip_repo/edit_color_mk2_v1_0.sim/sim_1/behav'
INFO: [USF-XSim-98] *** Running xsim
   with args "color_tb_behav -key {Behavioral:sim_1:Functional:color_tb} -tclbatch {color_tb.tcl} -view {C:/532/color_laser_detect_ip_v1.42/ip_repo/color_tb_behav.wcfg} -log {simulate.log}"
INFO: [USF-XSim-8] Loading simulator feature
Vivado Simulator 2015.3
Time resolution is 1 ps
open_wave_config C:/532/color_laser_detect_ip_v1.42/ip_repo/color_tb_behav.wcfg
source color_tb.tcl
# set curr_wave [current_wave_config]
# if { [string length $curr_wave] == 0 } {
#   if { [llength [get_objects]] > 0} {
#     add_wave /
#     set_property needs_save false [current_wave_config]
#   } else {
#      send_msg_id Add_Wave-1 WARNING "No top level signals found. Simulator will start without a wave window. If you want to open a wave window go to 'File->New Waveform Configuration' or type 'create_wave_config' in the TCL console."
#   }
# }
# run 1000ns
INFO: [USF-XSim-96] XSim completed. Design snapshot 'color_tb_behav' loaded.
INFO: [USF-XSim-97] XSim simulation ran for 1000ns
launch_simulation: Time (s): cpu = 00:00:05 ; elapsed = 00:00:09 . Memory (MB): peak = 862.531 ; gain = 0.000
run all
$finish called at time : 1000015 ns : File "C:/532/color_laser_detect_ip_v1.42/ip_repo/color_mk2_1.0/src/color_tb.v" Line 74
restart
INFO: [Simtcl 6-17] Simulation restarted
close_sim
INFO: [Simtcl 6-16] Simulation closed
close_sim: Time (s): cpu = 00:00:00 ; elapsed = 00:00:09 . Memory (MB): peak = 885.902 ; gain = 0.000
launch_simulation
INFO: [USF-XSim-27] Simulation object is 'sim_1'
INFO: [USF-XSim-37] Inspecting design source files for 'color_tb' in fileset 'sim_1'...
INFO: [USF-XSim-97] Finding global include files...
INFO: [USF-XSim-100] Fetching design files from 'sources_1'...(this may take a while)...
INFO: [USF-XSim-101] Fetching design files from 'sim_1'...
INFO: [USF-XSim-2] XSim::Compile design
INFO: [USF-XSim-61] Executing 'COMPILE' step in 'C:/532/color_laser_detect_ip_v1.42/ip_repo/edit_color_mk2_v1_0.sim/sim_1/behav'
"xvlog -m64 --relax -prj color_tb_vlog.prj"
INFO: [VRFC 10-2263] Analyzing Verilog file "C:/532/color_laser_detect_ip_v1.42/ip_repo/color_mk2_1.0/hdl/color_mk2_v1_0_M00_AXIS.v" into library xil_defaultlib
INFO: [VRFC 10-311] analyzing module color_mk2_v1_0_M00_AXIS
INFO: [VRFC 10-2458] undeclared symbol M_AXIS_TSTRB, assumed default net type wire [C:/532/color_laser_detect_ip_v1.42/ip_repo/color_mk2_1.0/hdl/color_mk2_v1_0_M00_AXIS.v:101]
WARNING: [VRFC 10-756] identifier bit_num_x is used before its declaration [C:/532/color_laser_detect_ip_v1.42/ip_repo/color_mk2_1.0/hdl/color_mk2_v1_0_M00_AXIS.v:21]
WARNING: [VRFC 10-756] identifier bit_num_y is used before its declaration [C:/532/color_laser_detect_ip_v1.42/ip_repo/color_mk2_1.0/hdl/color_mk2_v1_0_M00_AXIS.v:22]
INFO: [VRFC 10-2263] Analyzing Verilog file "C:/532/color_laser_detect_ip_v1.42/ip_repo/color_mk2_1.0/hdl/color_mk2_v1_0_S00_AXIS.v" into library xil_defaultlib
INFO: [VRFC 10-311] analyzing module color_mk2_v1_0_S00_AXIS
WARNING: [VRFC 10-756] identifier bit_num_x is used before its declaration [C:/532/color_laser_detect_ip_v1.42/ip_repo/color_mk2_1.0/hdl/color_mk2_v1_0_S00_AXIS.v:23]
WARNING: [VRFC 10-756] identifier bit_num_y is used before its declaration [C:/532/color_laser_detect_ip_v1.42/ip_repo/color_mk2_1.0/hdl/color_mk2_v1_0_S00_AXIS.v:24]
WARNING: [VRFC 10-756] identifier bit_num_x is used before its declaration [C:/532/color_laser_detect_ip_v1.42/ip_repo/color_mk2_1.0/hdl/color_mk2_v1_0_S00_AXIS.v:27]
WARNING: [VRFC 10-756] identifier bit_num_y is used before its declaration [C:/532/color_laser_detect_ip_v1.42/ip_repo/color_mk2_1.0/hdl/color_mk2_v1_0_S00_AXIS.v:28]
WARNING: [VRFC 10-756] identifier bit_num_x is used before its declaration [C:/532/color_laser_detect_ip_v1.42/ip_repo/color_mk2_1.0/hdl/color_mk2_v1_0_S00_AXIS.v:30]
WARNING: [VRFC 10-756] identifier bit_num_y is used before its declaration [C:/532/color_laser_detect_ip_v1.42/ip_repo/color_mk2_1.0/hdl/color_mk2_v1_0_S00_AXIS.v:31]
WARNING: [VRFC 10-756] identifier write_state is used before its declaration [C:/532/color_laser_detect_ip_v1.42/ip_repo/color_mk2_1.0/hdl/color_mk2_v1_0_S00_AXIS.v:177]
WARNING: [VRFC 10-756] identifier write_state is used before its declaration [C:/532/color_laser_detect_ip_v1.42/ip_repo/color_mk2_1.0/hdl/color_mk2_v1_0_S00_AXIS.v:182]
INFO: [VRFC 10-2263] Analyzing Verilog file "C:/532/color_laser_detect_ip_v1.42/ip_repo/color_mk2_1.0/hdl/color_mk2_v1_0.v" into library xil_defaultlib
INFO: [VRFC 10-311] analyzing module color_mk2_v1_0
INFO: [VRFC 10-2263] Analyzing Verilog file "C:/532/color_laser_detect_ip_v1.42/ip_repo/color_mk2_1.0/src/color_tb.v" into library xil_defaultlib
INFO: [VRFC 10-311] analyzing module color_tb
WARNING: [VRFC 10-756] identifier data is used before its declaration [C:/532/color_laser_detect_ip_v1.42/ip_repo/color_mk2_1.0/src/color_tb.v:46]
WARNING: [VRFC 10-756] identifier data is used before its declaration [C:/532/color_laser_detect_ip_v1.42/ip_repo/color_mk2_1.0/src/color_tb.v:47]
WARNING: [VRFC 10-756] identifier data is used before its declaration [C:/532/color_laser_detect_ip_v1.42/ip_repo/color_mk2_1.0/src/color_tb.v:48]
WARNING: [VRFC 10-756] identifier data is used before its declaration [C:/532/color_laser_detect_ip_v1.42/ip_repo/color_mk2_1.0/src/color_tb.v:49]
WARNING: [VRFC 10-756] identifier data is used before its declaration [C:/532/color_laser_detect_ip_v1.42/ip_repo/color_mk2_1.0/src/color_tb.v:50]
WARNING: [VRFC 10-756] identifier data is used before its declaration [C:/532/color_laser_detect_ip_v1.42/ip_repo/color_mk2_1.0/src/color_tb.v:51]
WARNING: [VRFC 10-756] identifier data is used before its declaration [C:/532/color_laser_detect_ip_v1.42/ip_repo/color_mk2_1.0/src/color_tb.v:53]
WARNING: [VRFC 10-756] identifier data is used before its declaration [C:/532/color_laser_detect_ip_v1.42/ip_repo/color_mk2_1.0/src/color_tb.v:54]
WARNING: [VRFC 10-756] identifier data is used before its declaration [C:/532/color_laser_detect_ip_v1.42/ip_repo/color_mk2_1.0/src/color_tb.v:55]
WARNING: [VRFC 10-756] identifier data is used before its declaration [C:/532/color_laser_detect_ip_v1.42/ip_repo/color_mk2_1.0/src/color_tb.v:56]
WARNING: [VRFC 10-756] identifier data is used before its declaration [C:/532/color_laser_detect_ip_v1.42/ip_repo/color_mk2_1.0/src/color_tb.v:57]
WARNING: [VRFC 10-756] identifier data is used before its declaration [C:/532/color_laser_detect_ip_v1.42/ip_repo/color_mk2_1.0/src/color_tb.v:58]
WARNING: [VRFC 10-756] identifier data is used before its declaration [C:/532/color_laser_detect_ip_v1.42/ip_repo/color_mk2_1.0/src/color_tb.v:59]
INFO: [VRFC 10-2263] Analyzing Verilog file "C:/532/color_laser_detect_ip_v1.42/ip_repo/edit_color_mk2_v1_0.sim/sim_1/behav/glbl.v" into library xil_defaultlib
INFO: [VRFC 10-311] analyzing module glbl
INFO: [USF-XSim-3] XSim::Elaborate design
INFO: [USF-XSim-61] Executing 'ELABORATE' step in 'C:/532/color_laser_detect_ip_v1.42/ip_repo/edit_color_mk2_v1_0.sim/sim_1/behav'
Vivado Simulator 2015.3
Copyright 1986-1999, 2001-2015 Xilinx, Inc. All Rights Reserved.
Running: C:/Xilinx/Vivado/2015.3/bin/unwrapped/win64.o/xelab.exe -wto 9357baab4db8408e839840bf41a978a5 --debug typical --relax --mt 2 -L xil_defaultlib -L unisims_ver -L unimacro_ver -L secureip --snapshot color_tb_behav xil_defaultlib.color_tb xil_defaultlib.glbl -log elaborate.log 
Using 2 slave threads.
Starting static elaboration
WARNING: [VRFC 10-278] actual bit length 12 differs from formal bit length 4 for port x_center [C:/532/color_laser_detect_ip_v1.42/ip_repo/color_mk2_1.0/hdl/color_mk2_v1_0.v:98]
WARNING: [VRFC 10-278] actual bit length 12 differs from formal bit length 4 for port y_center [C:/532/color_laser_detect_ip_v1.42/ip_repo/color_mk2_1.0/hdl/color_mk2_v1_0.v:99]
Completed static elaboration
Starting simulation data flow analysis
Completed simulation data flow analysis
Time Resolution for simulation is 1ps
Compiling module xil_defaultlib.color_mk2_v1_0_S00_AXIS(NUMBER_O...
Compiling module xil_defaultlib.color_mk2_v1_0_M00_AXIS(NUMBER_O...
Compiling module xil_defaultlib.color_mk2_v1_0(H_RESOLUTION=12,V...
Compiling module xil_defaultlib.color_tb
Compiling module xil_defaultlib.glbl
Built simulation snapshot color_tb_behav

****** Webtalk v2015.3 (64-bit)
  **** SW Build 1368829 on Mon Sep 28 20:06:43 MDT 2015
  **** IP Build 1367837 on Mon Sep 28 08:56:14 MDT 2015
    ** Copyright 1986-2015 Xilinx, Inc. All Rights Reserved.

source C:/532/color_laser_detect_ip_v1.42/ip_repo/edit_color_mk2_v1_0.sim/sim_1/behav/xsim.dir/color_tb_behav/webtalk/xsim_webtalk.tcl -notrace
INFO: [Common 17-206] Exiting Webtalk at Wed Mar 23 13:42:09 2016...
run_program: Time (s): cpu = 00:00:00 ; elapsed = 00:00:10 . Memory (MB): peak = 885.902 ; gain = 0.000
INFO: [USF-XSim-4] XSim::Simulate design
INFO: [USF-XSim-61] Executing 'SIMULATE' step in 'C:/532/color_laser_detect_ip_v1.42/ip_repo/edit_color_mk2_v1_0.sim/sim_1/behav'
INFO: [USF-XSim-98] *** Running xsim
   with args "color_tb_behav -key {Behavioral:sim_1:Functional:color_tb} -tclbatch {color_tb.tcl} -view {C:/532/color_laser_detect_ip_v1.42/ip_repo/color_tb_behav.wcfg} -log {simulate.log}"
INFO: [USF-XSim-8] Loading simulator feature
Vivado Simulator 2015.3
ERROR: [Simtcl 6-50] Simulation engine failed to start: A valid license was not found for simulation. Please run the Vivado License Manager for assistance in determining which features and devices are licensed for your system.
Please see the Tcl Console or the Messages for details.

ERROR: [USF-XSim-62] 'simulate' step failed with errors. Please check the Tcl console or log files for more information.
launch_simulation: Time (s): cpu = 00:00:01 ; elapsed = 00:00:29 . Memory (MB): peak = 885.902 ; gain = 0.000
launch_simulation
INFO: [USF-XSim-27] Simulation object is 'sim_1'
INFO: [USF-XSim-37] Inspecting design source files for 'color_tb' in fileset 'sim_1'...
INFO: [USF-XSim-97] Finding global include files...
INFO: [USF-XSim-100] Fetching design files from 'sources_1'...(this may take a while)...
INFO: [USF-XSim-101] Fetching design files from 'sim_1'...
INFO: [USF-XSim-2] XSim::Compile design
INFO: [USF-XSim-61] Executing 'COMPILE' step in 'C:/532/color_laser_detect_ip_v1.42/ip_repo/edit_color_mk2_v1_0.sim/sim_1/behav'
"xvlog -m64 --relax -prj color_tb_vlog.prj"
INFO: [VRFC 10-2263] Analyzing Verilog file "C:/532/color_laser_detect_ip_v1.42/ip_repo/color_mk2_1.0/hdl/color_mk2_v1_0_M00_AXIS.v" into library xil_defaultlib
INFO: [VRFC 10-311] analyzing module color_mk2_v1_0_M00_AXIS
INFO: [VRFC 10-2458] undeclared symbol M_AXIS_TSTRB, assumed default net type wire [C:/532/color_laser_detect_ip_v1.42/ip_repo/color_mk2_1.0/hdl/color_mk2_v1_0_M00_AXIS.v:101]
WARNING: [VRFC 10-756] identifier bit_num_x is used before its declaration [C:/532/color_laser_detect_ip_v1.42/ip_repo/color_mk2_1.0/hdl/color_mk2_v1_0_M00_AXIS.v:21]
WARNING: [VRFC 10-756] identifier bit_num_y is used before its declaration [C:/532/color_laser_detect_ip_v1.42/ip_repo/color_mk2_1.0/hdl/color_mk2_v1_0_M00_AXIS.v:22]
INFO: [VRFC 10-2263] Analyzing Verilog file "C:/532/color_laser_detect_ip_v1.42/ip_repo/color_mk2_1.0/hdl/color_mk2_v1_0_S00_AXIS.v" into library xil_defaultlib
INFO: [VRFC 10-311] analyzing module color_mk2_v1_0_S00_AXIS
WARNING: [VRFC 10-756] identifier bit_num_x is used before its declaration [C:/532/color_laser_detect_ip_v1.42/ip_repo/color_mk2_1.0/hdl/color_mk2_v1_0_S00_AXIS.v:23]
WARNING: [VRFC 10-756] identifier bit_num_y is used before its declaration [C:/532/color_laser_detect_ip_v1.42/ip_repo/color_mk2_1.0/hdl/color_mk2_v1_0_S00_AXIS.v:24]
WARNING: [VRFC 10-756] identifier bit_num_x is used before its declaration [C:/532/color_laser_detect_ip_v1.42/ip_repo/color_mk2_1.0/hdl/color_mk2_v1_0_S00_AXIS.v:27]
WARNING: [VRFC 10-756] identifier bit_num_y is used before its declaration [C:/532/color_laser_detect_ip_v1.42/ip_repo/color_mk2_1.0/hdl/color_mk2_v1_0_S00_AXIS.v:28]
WARNING: [VRFC 10-756] identifier bit_num_x is used before its declaration [C:/532/color_laser_detect_ip_v1.42/ip_repo/color_mk2_1.0/hdl/color_mk2_v1_0_S00_AXIS.v:30]
WARNING: [VRFC 10-756] identifier bit_num_y is used before its declaration [C:/532/color_laser_detect_ip_v1.42/ip_repo/color_mk2_1.0/hdl/color_mk2_v1_0_S00_AXIS.v:31]
WARNING: [VRFC 10-756] identifier write_state is used before its declaration [C:/532/color_laser_detect_ip_v1.42/ip_repo/color_mk2_1.0/hdl/color_mk2_v1_0_S00_AXIS.v:177]
WARNING: [VRFC 10-756] identifier write_state is used before its declaration [C:/532/color_laser_detect_ip_v1.42/ip_repo/color_mk2_1.0/hdl/color_mk2_v1_0_S00_AXIS.v:182]
INFO: [VRFC 10-2263] Analyzing Verilog file "C:/532/color_laser_detect_ip_v1.42/ip_repo/color_mk2_1.0/hdl/color_mk2_v1_0.v" into library xil_defaultlib
INFO: [VRFC 10-311] analyzing module color_mk2_v1_0
INFO: [VRFC 10-2263] Analyzing Verilog file "C:/532/color_laser_detect_ip_v1.42/ip_repo/color_mk2_1.0/src/color_tb.v" into library xil_defaultlib
INFO: [VRFC 10-311] analyzing module color_tb
WARNING: [VRFC 10-756] identifier data is used before its declaration [C:/532/color_laser_detect_ip_v1.42/ip_repo/color_mk2_1.0/src/color_tb.v:46]
WARNING: [VRFC 10-756] identifier data is used before its declaration [C:/532/color_laser_detect_ip_v1.42/ip_repo/color_mk2_1.0/src/color_tb.v:47]
WARNING: [VRFC 10-756] identifier data is used before its declaration [C:/532/color_laser_detect_ip_v1.42/ip_repo/color_mk2_1.0/src/color_tb.v:48]
WARNING: [VRFC 10-756] identifier data is used before its declaration [C:/532/color_laser_detect_ip_v1.42/ip_repo/color_mk2_1.0/src/color_tb.v:49]
WARNING: [VRFC 10-756] identifier data is used before its declaration [C:/532/color_laser_detect_ip_v1.42/ip_repo/color_mk2_1.0/src/color_tb.v:50]
WARNING: [VRFC 10-756] identifier data is used before its declaration [C:/532/color_laser_detect_ip_v1.42/ip_repo/color_mk2_1.0/src/color_tb.v:51]
WARNING: [VRFC 10-756] identifier data is used before its declaration [C:/532/color_laser_detect_ip_v1.42/ip_repo/color_mk2_1.0/src/color_tb.v:53]
WARNING: [VRFC 10-756] identifier data is used before its declaration [C:/532/color_laser_detect_ip_v1.42/ip_repo/color_mk2_1.0/src/color_tb.v:54]
WARNING: [VRFC 10-756] identifier data is used before its declaration [C:/532/color_laser_detect_ip_v1.42/ip_repo/color_mk2_1.0/src/color_tb.v:55]
WARNING: [VRFC 10-756] identifier data is used before its declaration [C:/532/color_laser_detect_ip_v1.42/ip_repo/color_mk2_1.0/src/color_tb.v:56]
WARNING: [VRFC 10-756] identifier data is used before its declaration [C:/532/color_laser_detect_ip_v1.42/ip_repo/color_mk2_1.0/src/color_tb.v:57]
WARNING: [VRFC 10-756] identifier data is used before its declaration [C:/532/color_laser_detect_ip_v1.42/ip_repo/color_mk2_1.0/src/color_tb.v:58]
WARNING: [VRFC 10-756] identifier data is used before its declaration [C:/532/color_laser_detect_ip_v1.42/ip_repo/color_mk2_1.0/src/color_tb.v:59]
INFO: [VRFC 10-2263] Analyzing Verilog file "C:/532/color_laser_detect_ip_v1.42/ip_repo/edit_color_mk2_v1_0.sim/sim_1/behav/glbl.v" into library xil_defaultlib
INFO: [VRFC 10-311] analyzing module glbl
INFO: [USF-XSim-3] XSim::Elaborate design
INFO: [USF-XSim-61] Executing 'ELABORATE' step in 'C:/532/color_laser_detect_ip_v1.42/ip_repo/edit_color_mk2_v1_0.sim/sim_1/behav'
Vivado Simulator 2015.3
Copyright 1986-1999, 2001-2015 Xilinx, Inc. All Rights Reserved.
Running: C:/Xilinx/Vivado/2015.3/bin/unwrapped/win64.o/xelab.exe -wto 9357baab4db8408e839840bf41a978a5 --debug typical --relax --mt 2 -L xil_defaultlib -L unisims_ver -L unimacro_ver -L secureip --snapshot color_tb_behav xil_defaultlib.color_tb xil_defaultlib.glbl -log elaborate.log 
Using 2 slave threads.
Starting static elaboration
WARNING: [VRFC 10-278] actual bit length 12 differs from formal bit length 4 for port x_center [C:/532/color_laser_detect_ip_v1.42/ip_repo/color_mk2_1.0/hdl/color_mk2_v1_0.v:98]
WARNING: [VRFC 10-278] actual bit length 12 differs from formal bit length 4 for port y_center [C:/532/color_laser_detect_ip_v1.42/ip_repo/color_mk2_1.0/hdl/color_mk2_v1_0.v:99]
Completed static elaboration
Starting simulation data flow analysis
Completed simulation data flow analysis
Time Resolution for simulation is 1ps
Compiling module xil_defaultlib.color_mk2_v1_0_S00_AXIS(NUMBER_O...
Compiling module xil_defaultlib.color_mk2_v1_0_M00_AXIS(NUMBER_O...
Compiling module xil_defaultlib.color_mk2_v1_0(H_RESOLUTION=12,V...
Compiling module xil_defaultlib.color_tb
Compiling module xil_defaultlib.glbl
Built simulation snapshot color_tb_behav

****** Webtalk v2015.3 (64-bit)
  **** SW Build 1368829 on Mon Sep 28 20:06:43 MDT 2015
  **** IP Build 1367837 on Mon Sep 28 08:56:14 MDT 2015
    ** Copyright 1986-2015 Xilinx, Inc. All Rights Reserved.

source C:/532/color_laser_detect_ip_v1.42/ip_repo/edit_color_mk2_v1_0.sim/sim_1/behav/xsim.dir/color_tb_behav/webtalk/xsim_webtalk.tcl -notrace
INFO: [Common 17-206] Exiting Webtalk at Wed Mar 23 13:42:51 2016...
INFO: [USF-XSim-4] XSim::Simulate design
INFO: [USF-XSim-61] Executing 'SIMULATE' step in 'C:/532/color_laser_detect_ip_v1.42/ip_repo/edit_color_mk2_v1_0.sim/sim_1/behav'
INFO: [USF-XSim-98] *** Running xsim
   with args "color_tb_behav -key {Behavioral:sim_1:Functional:color_tb} -tclbatch {color_tb.tcl} -view {C:/532/color_laser_detect_ip_v1.42/ip_repo/color_tb_behav.wcfg} -log {simulate.log}"
INFO: [USF-XSim-8] Loading simulator feature
Vivado Simulator 2015.3
Time resolution is 1 ps
open_wave_config C:/532/color_laser_detect_ip_v1.42/ip_repo/color_tb_behav.wcfg
source color_tb.tcl
# set curr_wave [current_wave_config]
# if { [string length $curr_wave] == 0 } {
#   if { [llength [get_objects]] > 0} {
#     add_wave /
#     set_property needs_save false [current_wave_config]
#   } else {
#      send_msg_id Add_Wave-1 WARNING "No top level signals found. Simulator will start without a wave window. If you want to open a wave window go to 'File->New Waveform Configuration' or type 'create_wave_config' in the TCL console."
#   }
# }
# run 1000ns
INFO: [USF-XSim-96] XSim completed. Design snapshot 'color_tb_behav' loaded.
INFO: [USF-XSim-97] XSim simulation ran for 1000ns
launch_simulation: Time (s): cpu = 00:00:02 ; elapsed = 00:00:06 . Memory (MB): peak = 885.902 ; gain = 0.000
run 4 us
close_sim
INFO: [Simtcl 6-16] Simulation closed
launch_simulation
INFO: [USF-XSim-27] Simulation object is 'sim_1'
INFO: [USF-XSim-37] Inspecting design source files for 'color_tb' in fileset 'sim_1'...
INFO: [USF-XSim-97] Finding global include files...
INFO: [USF-XSim-100] Fetching design files from 'sources_1'...(this may take a while)...
INFO: [USF-XSim-101] Fetching design files from 'sim_1'...
INFO: [USF-XSim-2] XSim::Compile design
INFO: [USF-XSim-61] Executing 'COMPILE' step in 'C:/532/color_laser_detect_ip_v1.42/ip_repo/edit_color_mk2_v1_0.sim/sim_1/behav'
"xvlog -m64 --relax -prj color_tb_vlog.prj"
INFO: [VRFC 10-2263] Analyzing Verilog file "C:/532/color_laser_detect_ip_v1.42/ip_repo/color_mk2_1.0/hdl/color_mk2_v1_0_M00_AXIS.v" into library xil_defaultlib
INFO: [VRFC 10-311] analyzing module color_mk2_v1_0_M00_AXIS
INFO: [VRFC 10-2458] undeclared symbol M_AXIS_TSTRB, assumed default net type wire [C:/532/color_laser_detect_ip_v1.42/ip_repo/color_mk2_1.0/hdl/color_mk2_v1_0_M00_AXIS.v:101]
WARNING: [VRFC 10-756] identifier bit_num_x is used before its declaration [C:/532/color_laser_detect_ip_v1.42/ip_repo/color_mk2_1.0/hdl/color_mk2_v1_0_M00_AXIS.v:21]
WARNING: [VRFC 10-756] identifier bit_num_y is used before its declaration [C:/532/color_laser_detect_ip_v1.42/ip_repo/color_mk2_1.0/hdl/color_mk2_v1_0_M00_AXIS.v:22]
INFO: [VRFC 10-2263] Analyzing Verilog file "C:/532/color_laser_detect_ip_v1.42/ip_repo/color_mk2_1.0/hdl/color_mk2_v1_0_S00_AXIS.v" into library xil_defaultlib
INFO: [VRFC 10-311] analyzing module color_mk2_v1_0_S00_AXIS
WARNING: [VRFC 10-756] identifier bit_num_x is used before its declaration [C:/532/color_laser_detect_ip_v1.42/ip_repo/color_mk2_1.0/hdl/color_mk2_v1_0_S00_AXIS.v:23]
WARNING: [VRFC 10-756] identifier bit_num_y is used before its declaration [C:/532/color_laser_detect_ip_v1.42/ip_repo/color_mk2_1.0/hdl/color_mk2_v1_0_S00_AXIS.v:24]
WARNING: [VRFC 10-756] identifier bit_num_x is used before its declaration [C:/532/color_laser_detect_ip_v1.42/ip_repo/color_mk2_1.0/hdl/color_mk2_v1_0_S00_AXIS.v:27]
WARNING: [VRFC 10-756] identifier bit_num_y is used before its declaration [C:/532/color_laser_detect_ip_v1.42/ip_repo/color_mk2_1.0/hdl/color_mk2_v1_0_S00_AXIS.v:28]
WARNING: [VRFC 10-756] identifier bit_num_x is used before its declaration [C:/532/color_laser_detect_ip_v1.42/ip_repo/color_mk2_1.0/hdl/color_mk2_v1_0_S00_AXIS.v:30]
WARNING: [VRFC 10-756] identifier bit_num_y is used before its declaration [C:/532/color_laser_detect_ip_v1.42/ip_repo/color_mk2_1.0/hdl/color_mk2_v1_0_S00_AXIS.v:31]
WARNING: [VRFC 10-756] identifier write_state is used before its declaration [C:/532/color_laser_detect_ip_v1.42/ip_repo/color_mk2_1.0/hdl/color_mk2_v1_0_S00_AXIS.v:177]
WARNING: [VRFC 10-756] identifier write_state is used before its declaration [C:/532/color_laser_detect_ip_v1.42/ip_repo/color_mk2_1.0/hdl/color_mk2_v1_0_S00_AXIS.v:182]
INFO: [VRFC 10-2263] Analyzing Verilog file "C:/532/color_laser_detect_ip_v1.42/ip_repo/color_mk2_1.0/hdl/color_mk2_v1_0.v" into library xil_defaultlib
INFO: [VRFC 10-311] analyzing module color_mk2_v1_0
INFO: [VRFC 10-2263] Analyzing Verilog file "C:/532/color_laser_detect_ip_v1.42/ip_repo/color_mk2_1.0/src/color_tb.v" into library xil_defaultlib
INFO: [VRFC 10-311] analyzing module color_tb
WARNING: [VRFC 10-756] identifier data is used before its declaration [C:/532/color_laser_detect_ip_v1.42/ip_repo/color_mk2_1.0/src/color_tb.v:46]
WARNING: [VRFC 10-756] identifier data is used before its declaration [C:/532/color_laser_detect_ip_v1.42/ip_repo/color_mk2_1.0/src/color_tb.v:47]
WARNING: [VRFC 10-756] identifier data is used before its declaration [C:/532/color_laser_detect_ip_v1.42/ip_repo/color_mk2_1.0/src/color_tb.v:48]
WARNING: [VRFC 10-756] identifier data is used before its declaration [C:/532/color_laser_detect_ip_v1.42/ip_repo/color_mk2_1.0/src/color_tb.v:49]
WARNING: [VRFC 10-756] identifier data is used before its declaration [C:/532/color_laser_detect_ip_v1.42/ip_repo/color_mk2_1.0/src/color_tb.v:50]
WARNING: [VRFC 10-756] identifier data is used before its declaration [C:/532/color_laser_detect_ip_v1.42/ip_repo/color_mk2_1.0/src/color_tb.v:51]
WARNING: [VRFC 10-756] identifier data is used before its declaration [C:/532/color_laser_detect_ip_v1.42/ip_repo/color_mk2_1.0/src/color_tb.v:53]
WARNING: [VRFC 10-756] identifier data is used before its declaration [C:/532/color_laser_detect_ip_v1.42/ip_repo/color_mk2_1.0/src/color_tb.v:54]
WARNING: [VRFC 10-756] identifier data is used before its declaration [C:/532/color_laser_detect_ip_v1.42/ip_repo/color_mk2_1.0/src/color_tb.v:55]
WARNING: [VRFC 10-756] identifier data is used before its declaration [C:/532/color_laser_detect_ip_v1.42/ip_repo/color_mk2_1.0/src/color_tb.v:56]
WARNING: [VRFC 10-756] identifier data is used before its declaration [C:/532/color_laser_detect_ip_v1.42/ip_repo/color_mk2_1.0/src/color_tb.v:57]
WARNING: [VRFC 10-756] identifier data is used before its declaration [C:/532/color_laser_detect_ip_v1.42/ip_repo/color_mk2_1.0/src/color_tb.v:58]
WARNING: [VRFC 10-756] identifier data is used before its declaration [C:/532/color_laser_detect_ip_v1.42/ip_repo/color_mk2_1.0/src/color_tb.v:59]
INFO: [VRFC 10-2263] Analyzing Verilog file "C:/532/color_laser_detect_ip_v1.42/ip_repo/edit_color_mk2_v1_0.sim/sim_1/behav/glbl.v" into library xil_defaultlib
INFO: [VRFC 10-311] analyzing module glbl
INFO: [USF-XSim-3] XSim::Elaborate design
INFO: [USF-XSim-61] Executing 'ELABORATE' step in 'C:/532/color_laser_detect_ip_v1.42/ip_repo/edit_color_mk2_v1_0.sim/sim_1/behav'
Vivado Simulator 2015.3
Copyright 1986-1999, 2001-2015 Xilinx, Inc. All Rights Reserved.
Running: C:/Xilinx/Vivado/2015.3/bin/unwrapped/win64.o/xelab.exe -wto 9357baab4db8408e839840bf41a978a5 --debug typical --relax --mt 2 -L xil_defaultlib -L unisims_ver -L unimacro_ver -L secureip --snapshot color_tb_behav xil_defaultlib.color_tb xil_defaultlib.glbl -log elaborate.log 
Using 2 slave threads.
Starting static elaboration
WARNING: [VRFC 10-278] actual bit length 12 differs from formal bit length 4 for port x_center [C:/532/color_laser_detect_ip_v1.42/ip_repo/color_mk2_1.0/hdl/color_mk2_v1_0.v:98]
WARNING: [VRFC 10-278] actual bit length 12 differs from formal bit length 4 for port y_center [C:/532/color_laser_detect_ip_v1.42/ip_repo/color_mk2_1.0/hdl/color_mk2_v1_0.v:99]
Completed static elaboration
Starting simulation data flow analysis
Completed simulation data flow analysis
Time Resolution for simulation is 1ps
Compiling module xil_defaultlib.color_mk2_v1_0_S00_AXIS(NUMBER_O...
Compiling module xil_defaultlib.color_mk2_v1_0_M00_AXIS(NUMBER_O...
Compiling module xil_defaultlib.color_mk2_v1_0(H_RESOLUTION=12,V...
Compiling module xil_defaultlib.color_tb
Compiling module xil_defaultlib.glbl
Built simulation snapshot color_tb_behav

****** Webtalk v2015.3 (64-bit)
  **** SW Build 1368829 on Mon Sep 28 20:06:43 MDT 2015
  **** IP Build 1367837 on Mon Sep 28 08:56:14 MDT 2015
    ** Copyright 1986-2015 Xilinx, Inc. All Rights Reserved.

source C:/532/color_laser_detect_ip_v1.42/ip_repo/edit_color_mk2_v1_0.sim/sim_1/behav/xsim.dir/color_tb_behav/webtalk/xsim_webtalk.tcl -notrace
INFO: [Common 17-206] Exiting Webtalk at Wed Mar 23 13:45:52 2016...
INFO: [USF-XSim-4] XSim::Simulate design
INFO: [USF-XSim-61] Executing 'SIMULATE' step in 'C:/532/color_laser_detect_ip_v1.42/ip_repo/edit_color_mk2_v1_0.sim/sim_1/behav'
INFO: [USF-XSim-98] *** Running xsim
   with args "color_tb_behav -key {Behavioral:sim_1:Functional:color_tb} -tclbatch {color_tb.tcl} -view {C:/532/color_laser_detect_ip_v1.42/ip_repo/color_tb_behav.wcfg} -log {simulate.log}"
INFO: [USF-XSim-8] Loading simulator feature
Vivado Simulator 2015.3
Time resolution is 1 ps
open_wave_config C:/532/color_laser_detect_ip_v1.42/ip_repo/color_tb_behav.wcfg
source color_tb.tcl
# set curr_wave [current_wave_config]
# if { [string length $curr_wave] == 0 } {
#   if { [llength [get_objects]] > 0} {
#     add_wave /
#     set_property needs_save false [current_wave_config]
#   } else {
#      send_msg_id Add_Wave-1 WARNING "No top level signals found. Simulator will start without a wave window. If you want to open a wave window go to 'File->New Waveform Configuration' or type 'create_wave_config' in the TCL console."
#   }
# }
# run 1000ns
INFO: [USF-XSim-96] XSim completed. Design snapshot 'color_tb_behav' loaded.
INFO: [USF-XSim-97] XSim simulation ran for 1000ns
launch_simulation: Time (s): cpu = 00:00:03 ; elapsed = 00:00:06 . Memory (MB): peak = 901.461 ; gain = 0.000
close_sim
INFO: [Simtcl 6-16] Simulation closed
close_sim: Time (s): cpu = 00:00:01 ; elapsed = 00:00:09 . Memory (MB): peak = 910.984 ; gain = 0.000
ipx::merge_project_changes ports [ipx::current_core]
CRITICAL WARNING: [HDL 9-806] Syntax error near ",". [c:/532/color_laser_detect_ip_v1.42/ip_repo/color_mk2_1.0\hdl/color_mk2_v1_0_M00_AXIS.v:9]
ipgui::add_param -name {H_RESOLUTION} -component [ipx::current_core] -display_name {H_RESOLUTION} -show_label {true} -show_range {true} -widget {}
WARNING: [IP_Flow 19-4067] Ignoring invalid widget type specified .Providing a default widget
set_property widget {textEdit} [ipgui::get_guiparamspec -name "V_RESOLUTION" -component [ipx::current_core] ]
ipgui::add_param -name {NUM_LINES} -component [ipx::current_core] -display_name {Number of Lines} -show_label {true} -show_range {true} -widget {}
WARNING: [IP_Flow 19-4067] Ignoring invalid widget type specified .Providing a default widget
set_property version 1.43 [ipx::current_core]
set_property display_name color_mk2_v1.43 [ipx::current_core]
launch_simulation
INFO: [USF-XSim-27] Simulation object is 'sim_1'
INFO: [USF-XSim-37] Inspecting design source files for 'color_tb' in fileset 'sim_1'...
INFO: [USF-XSim-97] Finding global include files...
INFO: [USF-XSim-100] Fetching design files from 'sources_1'...(this may take a while)...
INFO: [USF-XSim-101] Fetching design files from 'sim_1'...
INFO: [USF-XSim-2] XSim::Compile design
INFO: [USF-XSim-61] Executing 'COMPILE' step in 'C:/532/color_laser_detect_ip_v1.42/ip_repo/edit_color_mk2_v1_0.sim/sim_1/behav'
"xvlog -m64 --relax -prj color_tb_vlog.prj"
INFO: [VRFC 10-2263] Analyzing Verilog file "C:/532/color_laser_detect_ip_v1.42/ip_repo/color_mk2_1.0/hdl/color_mk2_v1_0_M00_AXIS.v" into library xil_defaultlib
INFO: [VRFC 10-311] analyzing module color_mk2_v1_0_M00_AXIS
INFO: [VRFC 10-2458] undeclared symbol M_AXIS_TSTRB, assumed default net type wire [C:/532/color_laser_detect_ip_v1.42/ip_repo/color_mk2_1.0/hdl/color_mk2_v1_0_M00_AXIS.v:102]
WARNING: [VRFC 10-756] identifier bit_num_x is used before its declaration [C:/532/color_laser_detect_ip_v1.42/ip_repo/color_mk2_1.0/hdl/color_mk2_v1_0_M00_AXIS.v:22]
WARNING: [VRFC 10-756] identifier bit_num_y is used before its declaration [C:/532/color_laser_detect_ip_v1.42/ip_repo/color_mk2_1.0/hdl/color_mk2_v1_0_M00_AXIS.v:23]
ERROR: [VRFC 10-91] FIFO_DEPTH is not declared [C:/532/color_laser_detect_ip_v1.42/ip_repo/color_mk2_1.0/hdl/color_mk2_v1_0_M00_AXIS.v:61]
ERROR: [VRFC 10-1040] module color_mk2_v1_0_M00_AXIS ignored due to previous errors [C:/532/color_laser_detect_ip_v1.42/ip_repo/color_mk2_1.0/hdl/color_mk2_v1_0_M00_AXIS.v:4]
ERROR: [USF-XSim-62] 'compile' step failed with error(s) while executing 'C:/532/color_laser_detect_ip_v1.42/ip_repo/edit_color_mk2_v1_0.sim/sim_1/behav/compile.bat' script. Please check that the file has the correct 'read/write/execute' permissions and the Tcl console output for any other possible errors or warnings.
launch_simulation
INFO: [USF-XSim-27] Simulation object is 'sim_1'
INFO: [USF-XSim-37] Inspecting design source files for 'color_tb' in fileset 'sim_1'...
INFO: [USF-XSim-97] Finding global include files...
INFO: [USF-XSim-100] Fetching design files from 'sources_1'...(this may take a while)...
INFO: [USF-XSim-101] Fetching design files from 'sim_1'...
INFO: [USF-XSim-2] XSim::Compile design
INFO: [USF-XSim-61] Executing 'COMPILE' step in 'C:/532/color_laser_detect_ip_v1.42/ip_repo/edit_color_mk2_v1_0.sim/sim_1/behav'
"xvlog -m64 --relax -prj color_tb_vlog.prj"
INFO: [VRFC 10-2263] Analyzing Verilog file "C:/532/color_laser_detect_ip_v1.42/ip_repo/color_mk2_1.0/hdl/color_mk2_v1_0_M00_AXIS.v" into library xil_defaultlib
INFO: [VRFC 10-311] analyzing module color_mk2_v1_0_M00_AXIS
INFO: [VRFC 10-2458] undeclared symbol M_AXIS_TSTRB, assumed default net type wire [C:/532/color_laser_detect_ip_v1.42/ip_repo/color_mk2_1.0/hdl/color_mk2_v1_0_M00_AXIS.v:103]
WARNING: [VRFC 10-756] identifier bit_num_x is used before its declaration [C:/532/color_laser_detect_ip_v1.42/ip_repo/color_mk2_1.0/hdl/color_mk2_v1_0_M00_AXIS.v:23]
WARNING: [VRFC 10-756] identifier bit_num_y is used before its declaration [C:/532/color_laser_detect_ip_v1.42/ip_repo/color_mk2_1.0/hdl/color_mk2_v1_0_M00_AXIS.v:24]
ERROR: [VRFC 10-91] FIFO_DEPTH is not declared [C:/532/color_laser_detect_ip_v1.42/ip_repo/color_mk2_1.0/hdl/color_mk2_v1_0_M00_AXIS.v:62]
ERROR: [VRFC 10-1040] module color_mk2_v1_0_M00_AXIS ignored due to previous errors [C:/532/color_laser_detect_ip_v1.42/ip_repo/color_mk2_1.0/hdl/color_mk2_v1_0_M00_AXIS.v:4]
ERROR: [USF-XSim-62] 'compile' step failed with error(s) while executing 'C:/532/color_laser_detect_ip_v1.42/ip_repo/edit_color_mk2_v1_0.sim/sim_1/behav/compile.bat' script. Please check that the file has the correct 'read/write/execute' permissions and the Tcl console output for any other possible errors or warnings.
launch_simulation
INFO: [USF-XSim-27] Simulation object is 'sim_1'
INFO: [USF-XSim-37] Inspecting design source files for 'color_tb' in fileset 'sim_1'...
INFO: [USF-XSim-97] Finding global include files...
INFO: [USF-XSim-100] Fetching design files from 'sources_1'...(this may take a while)...
INFO: [USF-XSim-101] Fetching design files from 'sim_1'...
INFO: [USF-XSim-2] XSim::Compile design
INFO: [USF-XSim-61] Executing 'COMPILE' step in 'C:/532/color_laser_detect_ip_v1.42/ip_repo/edit_color_mk2_v1_0.sim/sim_1/behav'
"xvlog -m64 --relax -prj color_tb_vlog.prj"
INFO: [VRFC 10-2263] Analyzing Verilog file "C:/532/color_laser_detect_ip_v1.42/ip_repo/color_mk2_1.0/hdl/color_mk2_v1_0_M00_AXIS.v" into library xil_defaultlib
INFO: [VRFC 10-311] analyzing module color_mk2_v1_0_M00_AXIS
INFO: [VRFC 10-2458] undeclared symbol M_AXIS_TSTRB, assumed default net type wire [C:/532/color_laser_detect_ip_v1.42/ip_repo/color_mk2_1.0/hdl/color_mk2_v1_0_M00_AXIS.v:103]
WARNING: [VRFC 10-756] identifier bit_num_x is used before its declaration [C:/532/color_laser_detect_ip_v1.42/ip_repo/color_mk2_1.0/hdl/color_mk2_v1_0_M00_AXIS.v:23]
WARNING: [VRFC 10-756] identifier bit_num_y is used before its declaration [C:/532/color_laser_detect_ip_v1.42/ip_repo/color_mk2_1.0/hdl/color_mk2_v1_0_M00_AXIS.v:24]
INFO: [VRFC 10-2263] Analyzing Verilog file "C:/532/color_laser_detect_ip_v1.42/ip_repo/color_mk2_1.0/hdl/color_mk2_v1_0_S00_AXIS.v" into library xil_defaultlib
INFO: [VRFC 10-311] analyzing module color_mk2_v1_0_S00_AXIS
WARNING: [VRFC 10-756] identifier bit_num_x is used before its declaration [C:/532/color_laser_detect_ip_v1.42/ip_repo/color_mk2_1.0/hdl/color_mk2_v1_0_S00_AXIS.v:24]
WARNING: [VRFC 10-756] identifier bit_num_y is used before its declaration [C:/532/color_laser_detect_ip_v1.42/ip_repo/color_mk2_1.0/hdl/color_mk2_v1_0_S00_AXIS.v:25]
WARNING: [VRFC 10-756] identifier bit_num_x is used before its declaration [C:/532/color_laser_detect_ip_v1.42/ip_repo/color_mk2_1.0/hdl/color_mk2_v1_0_S00_AXIS.v:28]
WARNING: [VRFC 10-756] identifier bit_num_y is used before its declaration [C:/532/color_laser_detect_ip_v1.42/ip_repo/color_mk2_1.0/hdl/color_mk2_v1_0_S00_AXIS.v:29]
WARNING: [VRFC 10-756] identifier bit_num_x is used before its declaration [C:/532/color_laser_detect_ip_v1.42/ip_repo/color_mk2_1.0/hdl/color_mk2_v1_0_S00_AXIS.v:31]
WARNING: [VRFC 10-756] identifier bit_num_y is used before its declaration [C:/532/color_laser_detect_ip_v1.42/ip_repo/color_mk2_1.0/hdl/color_mk2_v1_0_S00_AXIS.v:32]
WARNING: [VRFC 10-756] identifier write_state is used before its declaration [C:/532/color_laser_detect_ip_v1.42/ip_repo/color_mk2_1.0/hdl/color_mk2_v1_0_S00_AXIS.v:178]
WARNING: [VRFC 10-756] identifier write_state is used before its declaration [C:/532/color_laser_detect_ip_v1.42/ip_repo/color_mk2_1.0/hdl/color_mk2_v1_0_S00_AXIS.v:183]
INFO: [VRFC 10-2263] Analyzing Verilog file "C:/532/color_laser_detect_ip_v1.42/ip_repo/color_mk2_1.0/hdl/color_mk2_v1_0.v" into library xil_defaultlib
INFO: [VRFC 10-311] analyzing module color_mk2_v1_0
INFO: [VRFC 10-2263] Analyzing Verilog file "C:/532/color_laser_detect_ip_v1.42/ip_repo/color_mk2_1.0/src/color_tb.v" into library xil_defaultlib
INFO: [VRFC 10-311] analyzing module color_tb
WARNING: [VRFC 10-756] identifier data is used before its declaration [C:/532/color_laser_detect_ip_v1.42/ip_repo/color_mk2_1.0/src/color_tb.v:46]
WARNING: [VRFC 10-756] identifier data is used before its declaration [C:/532/color_laser_detect_ip_v1.42/ip_repo/color_mk2_1.0/src/color_tb.v:47]
WARNING: [VRFC 10-756] identifier data is used before its declaration [C:/532/color_laser_detect_ip_v1.42/ip_repo/color_mk2_1.0/src/color_tb.v:48]
WARNING: [VRFC 10-756] identifier data is used before its declaration [C:/532/color_laser_detect_ip_v1.42/ip_repo/color_mk2_1.0/src/color_tb.v:49]
WARNING: [VRFC 10-756] identifier data is used before its declaration [C:/532/color_laser_detect_ip_v1.42/ip_repo/color_mk2_1.0/src/color_tb.v:50]
WARNING: [VRFC 10-756] identifier data is used before its declaration [C:/532/color_laser_detect_ip_v1.42/ip_repo/color_mk2_1.0/src/color_tb.v:51]
WARNING: [VRFC 10-756] identifier data is used before its declaration [C:/532/color_laser_detect_ip_v1.42/ip_repo/color_mk2_1.0/src/color_tb.v:53]
WARNING: [VRFC 10-756] identifier data is used before its declaration [C:/532/color_laser_detect_ip_v1.42/ip_repo/color_mk2_1.0/src/color_tb.v:54]
WARNING: [VRFC 10-756] identifier data is used before its declaration [C:/532/color_laser_detect_ip_v1.42/ip_repo/color_mk2_1.0/src/color_tb.v:55]
WARNING: [VRFC 10-756] identifier data is used before its declaration [C:/532/color_laser_detect_ip_v1.42/ip_repo/color_mk2_1.0/src/color_tb.v:56]
WARNING: [VRFC 10-756] identifier data is used before its declaration [C:/532/color_laser_detect_ip_v1.42/ip_repo/color_mk2_1.0/src/color_tb.v:57]
WARNING: [VRFC 10-756] identifier data is used before its declaration [C:/532/color_laser_detect_ip_v1.42/ip_repo/color_mk2_1.0/src/color_tb.v:58]
WARNING: [VRFC 10-756] identifier data is used before its declaration [C:/532/color_laser_detect_ip_v1.42/ip_repo/color_mk2_1.0/src/color_tb.v:59]
INFO: [VRFC 10-2263] Analyzing Verilog file "C:/532/color_laser_detect_ip_v1.42/ip_repo/edit_color_mk2_v1_0.sim/sim_1/behav/glbl.v" into library xil_defaultlib
INFO: [VRFC 10-311] analyzing module glbl
INFO: [USF-XSim-3] XSim::Elaborate design
INFO: [USF-XSim-61] Executing 'ELABORATE' step in 'C:/532/color_laser_detect_ip_v1.42/ip_repo/edit_color_mk2_v1_0.sim/sim_1/behav'
Vivado Simulator 2015.3
Copyright 1986-1999, 2001-2015 Xilinx, Inc. All Rights Reserved.
Running: C:/Xilinx/Vivado/2015.3/bin/unwrapped/win64.o/xelab.exe -wto 9357baab4db8408e839840bf41a978a5 --debug typical --relax --mt 2 -L xil_defaultlib -L unisims_ver -L unimacro_ver -L secureip --snapshot color_tb_behav xil_defaultlib.color_tb xil_defaultlib.glbl -log elaborate.log 
Using 2 slave threads.
Starting static elaboration
WARNING: [VRFC 10-278] actual bit length 12 differs from formal bit length 4 for port x_center [C:/532/color_laser_detect_ip_v1.42/ip_repo/color_mk2_1.0/hdl/color_mk2_v1_0.v:96]
WARNING: [VRFC 10-278] actual bit length 12 differs from formal bit length 4 for port y_center [C:/532/color_laser_detect_ip_v1.42/ip_repo/color_mk2_1.0/hdl/color_mk2_v1_0.v:97]
Completed static elaboration
Starting simulation data flow analysis
Completed simulation data flow analysis
Time Resolution for simulation is 1ps
Compiling module xil_defaultlib.color_mk2_v1_0_S00_AXIS(H_RESOLU...
Compiling module xil_defaultlib.color_mk2_v1_0_M00_AXIS(H_RESOLU...
Compiling module xil_defaultlib.color_mk2_v1_0(H_RESOLUTION=12,V...
Compiling module xil_defaultlib.color_tb
Compiling module xil_defaultlib.glbl
Built simulation snapshot color_tb_behav

****** Webtalk v2015.3 (64-bit)
  **** SW Build 1368829 on Mon Sep 28 20:06:43 MDT 2015
  **** IP Build 1367837 on Mon Sep 28 08:56:14 MDT 2015
    ** Copyright 1986-2015 Xilinx, Inc. All Rights Reserved.

source C:/532/color_laser_detect_ip_v1.42/ip_repo/edit_color_mk2_v1_0.sim/sim_1/behav/xsim.dir/color_tb_behav/webtalk/xsim_webtalk.tcl -notrace
INFO: [Common 17-206] Exiting Webtalk at Wed Mar 23 14:41:12 2016...
INFO: [USF-XSim-4] XSim::Simulate design
INFO: [USF-XSim-61] Executing 'SIMULATE' step in 'C:/532/color_laser_detect_ip_v1.42/ip_repo/edit_color_mk2_v1_0.sim/sim_1/behav'
INFO: [USF-XSim-98] *** Running xsim
   with args "color_tb_behav -key {Behavioral:sim_1:Functional:color_tb} -tclbatch {color_tb.tcl} -view {C:/532/color_laser_detect_ip_v1.42/ip_repo/color_tb_behav.wcfg} -log {simulate.log}"
INFO: [USF-XSim-8] Loading simulator feature
Vivado Simulator 2015.3
Time resolution is 1 ps
open_wave_config C:/532/color_laser_detect_ip_v1.42/ip_repo/color_tb_behav.wcfg
source color_tb.tcl
# set curr_wave [current_wave_config]
# if { [string length $curr_wave] == 0 } {
#   if { [llength [get_objects]] > 0} {
#     add_wave /
#     set_property needs_save false [current_wave_config]
#   } else {
#      send_msg_id Add_Wave-1 WARNING "No top level signals found. Simulator will start without a wave window. If you want to open a wave window go to 'File->New Waveform Configuration' or type 'create_wave_config' in the TCL console."
#   }
# }
# run 1000ns
xsim: Time (s): cpu = 00:00:01 ; elapsed = 00:00:06 . Memory (MB): peak = 910.984 ; gain = 0.000
INFO: [USF-XSim-96] XSim completed. Design snapshot 'color_tb_behav' loaded.
INFO: [USF-XSim-97] XSim simulation ran for 1000ns
launch_simulation: Time (s): cpu = 00:00:02 ; elapsed = 00:00:11 . Memory (MB): peak = 910.984 ; gain = 0.000
close_sim
INFO: [Simtcl 6-16] Simulation closed
close_sim: Time (s): cpu = 00:00:00 ; elapsed = 00:00:09 . Memory (MB): peak = 929.496 ; gain = 0.000
launch_simulation
INFO: [USF-XSim-27] Simulation object is 'sim_1'
INFO: [USF-XSim-37] Inspecting design source files for 'color_tb' in fileset 'sim_1'...
INFO: [USF-XSim-97] Finding global include files...
INFO: [USF-XSim-100] Fetching design files from 'sources_1'...(this may take a while)...
INFO: [USF-XSim-101] Fetching design files from 'sim_1'...
INFO: [USF-XSim-2] XSim::Compile design
INFO: [USF-XSim-61] Executing 'COMPILE' step in 'C:/532/color_laser_detect_ip_v1.42/ip_repo/edit_color_mk2_v1_0.sim/sim_1/behav'
"xvlog -m64 --relax -prj color_tb_vlog.prj"
INFO: [VRFC 10-2263] Analyzing Verilog file "C:/532/color_laser_detect_ip_v1.42/ip_repo/color_mk2_1.0/hdl/color_mk2_v1_0_M00_AXIS.v" into library xil_defaultlib
INFO: [VRFC 10-311] analyzing module color_mk2_v1_0_M00_AXIS
INFO: [VRFC 10-2458] undeclared symbol M_AXIS_TSTRB, assumed default net type wire [C:/532/color_laser_detect_ip_v1.42/ip_repo/color_mk2_1.0/hdl/color_mk2_v1_0_M00_AXIS.v:103]
WARNING: [VRFC 10-756] identifier bit_num_x is used before its declaration [C:/532/color_laser_detect_ip_v1.42/ip_repo/color_mk2_1.0/hdl/color_mk2_v1_0_M00_AXIS.v:23]
WARNING: [VRFC 10-756] identifier bit_num_y is used before its declaration [C:/532/color_laser_detect_ip_v1.42/ip_repo/color_mk2_1.0/hdl/color_mk2_v1_0_M00_AXIS.v:24]
INFO: [VRFC 10-2263] Analyzing Verilog file "C:/532/color_laser_detect_ip_v1.42/ip_repo/color_mk2_1.0/hdl/color_mk2_v1_0_S00_AXIS.v" into library xil_defaultlib
INFO: [VRFC 10-311] analyzing module color_mk2_v1_0_S00_AXIS
WARNING: [VRFC 10-756] identifier bit_num_x is used before its declaration [C:/532/color_laser_detect_ip_v1.42/ip_repo/color_mk2_1.0/hdl/color_mk2_v1_0_S00_AXIS.v:24]
WARNING: [VRFC 10-756] identifier bit_num_y is used before its declaration [C:/532/color_laser_detect_ip_v1.42/ip_repo/color_mk2_1.0/hdl/color_mk2_v1_0_S00_AXIS.v:25]
WARNING: [VRFC 10-756] identifier bit_num_x is used before its declaration [C:/532/color_laser_detect_ip_v1.42/ip_repo/color_mk2_1.0/hdl/color_mk2_v1_0_S00_AXIS.v:28]
WARNING: [VRFC 10-756] identifier bit_num_y is used before its declaration [C:/532/color_laser_detect_ip_v1.42/ip_repo/color_mk2_1.0/hdl/color_mk2_v1_0_S00_AXIS.v:29]
WARNING: [VRFC 10-756] identifier bit_num_x is used before its declaration [C:/532/color_laser_detect_ip_v1.42/ip_repo/color_mk2_1.0/hdl/color_mk2_v1_0_S00_AXIS.v:31]
WARNING: [VRFC 10-756] identifier bit_num_y is used before its declaration [C:/532/color_laser_detect_ip_v1.42/ip_repo/color_mk2_1.0/hdl/color_mk2_v1_0_S00_AXIS.v:32]
WARNING: [VRFC 10-756] identifier write_state is used before its declaration [C:/532/color_laser_detect_ip_v1.42/ip_repo/color_mk2_1.0/hdl/color_mk2_v1_0_S00_AXIS.v:178]
WARNING: [VRFC 10-756] identifier write_state is used before its declaration [C:/532/color_laser_detect_ip_v1.42/ip_repo/color_mk2_1.0/hdl/color_mk2_v1_0_S00_AXIS.v:183]
INFO: [VRFC 10-2263] Analyzing Verilog file "C:/532/color_laser_detect_ip_v1.42/ip_repo/color_mk2_1.0/hdl/color_mk2_v1_0.v" into library xil_defaultlib
INFO: [VRFC 10-311] analyzing module color_mk2_v1_0
INFO: [VRFC 10-2263] Analyzing Verilog file "C:/532/color_laser_detect_ip_v1.42/ip_repo/color_mk2_1.0/src/color_tb.v" into library xil_defaultlib
INFO: [VRFC 10-311] analyzing module color_tb
WARNING: [VRFC 10-756] identifier data is used before its declaration [C:/532/color_laser_detect_ip_v1.42/ip_repo/color_mk2_1.0/src/color_tb.v:47]
WARNING: [VRFC 10-756] identifier data is used before its declaration [C:/532/color_laser_detect_ip_v1.42/ip_repo/color_mk2_1.0/src/color_tb.v:48]
WARNING: [VRFC 10-756] identifier data is used before its declaration [C:/532/color_laser_detect_ip_v1.42/ip_repo/color_mk2_1.0/src/color_tb.v:49]
WARNING: [VRFC 10-756] identifier data is used before its declaration [C:/532/color_laser_detect_ip_v1.42/ip_repo/color_mk2_1.0/src/color_tb.v:50]
WARNING: [VRFC 10-756] identifier data is used before its declaration [C:/532/color_laser_detect_ip_v1.42/ip_repo/color_mk2_1.0/src/color_tb.v:51]
WARNING: [VRFC 10-756] identifier data is used before its declaration [C:/532/color_laser_detect_ip_v1.42/ip_repo/color_mk2_1.0/src/color_tb.v:52]
WARNING: [VRFC 10-756] identifier data is used before its declaration [C:/532/color_laser_detect_ip_v1.42/ip_repo/color_mk2_1.0/src/color_tb.v:54]
WARNING: [VRFC 10-756] identifier data is used before its declaration [C:/532/color_laser_detect_ip_v1.42/ip_repo/color_mk2_1.0/src/color_tb.v:55]
WARNING: [VRFC 10-756] identifier data is used before its declaration [C:/532/color_laser_detect_ip_v1.42/ip_repo/color_mk2_1.0/src/color_tb.v:56]
WARNING: [VRFC 10-756] identifier data is used before its declaration [C:/532/color_laser_detect_ip_v1.42/ip_repo/color_mk2_1.0/src/color_tb.v:57]
WARNING: [VRFC 10-756] identifier data is used before its declaration [C:/532/color_laser_detect_ip_v1.42/ip_repo/color_mk2_1.0/src/color_tb.v:58]
WARNING: [VRFC 10-756] identifier data is used before its declaration [C:/532/color_laser_detect_ip_v1.42/ip_repo/color_mk2_1.0/src/color_tb.v:59]
WARNING: [VRFC 10-756] identifier data is used before its declaration [C:/532/color_laser_detect_ip_v1.42/ip_repo/color_mk2_1.0/src/color_tb.v:60]
INFO: [VRFC 10-2263] Analyzing Verilog file "C:/532/color_laser_detect_ip_v1.42/ip_repo/edit_color_mk2_v1_0.sim/sim_1/behav/glbl.v" into library xil_defaultlib
INFO: [VRFC 10-311] analyzing module glbl
INFO: [USF-XSim-3] XSim::Elaborate design
INFO: [USF-XSim-61] Executing 'ELABORATE' step in 'C:/532/color_laser_detect_ip_v1.42/ip_repo/edit_color_mk2_v1_0.sim/sim_1/behav'
Vivado Simulator 2015.3
Copyright 1986-1999, 2001-2015 Xilinx, Inc. All Rights Reserved.
Running: C:/Xilinx/Vivado/2015.3/bin/unwrapped/win64.o/xelab.exe -wto 9357baab4db8408e839840bf41a978a5 --debug typical --relax --mt 2 -L xil_defaultlib -L unisims_ver -L unimacro_ver -L secureip --snapshot color_tb_behav xil_defaultlib.color_tb xil_defaultlib.glbl -log elaborate.log 
Using 2 slave threads.
Starting static elaboration
WARNING: [VRFC 10-278] actual bit length 4 differs from formal bit length 5 for port read_pointer [C:/532/color_laser_detect_ip_v1.42/ip_repo/color_mk2_1.0/hdl/color_mk2_v1_0.v:94]
WARNING: [VRFC 10-278] actual bit length 12 differs from formal bit length 5 for port x_center [C:/532/color_laser_detect_ip_v1.42/ip_repo/color_mk2_1.0/hdl/color_mk2_v1_0.v:96]
WARNING: [VRFC 10-278] actual bit length 12 differs from formal bit length 4 for port y_center [C:/532/color_laser_detect_ip_v1.42/ip_repo/color_mk2_1.0/hdl/color_mk2_v1_0.v:97]
WARNING: [VRFC 10-278] actual bit length 4 differs from formal bit length 5 for port read_pointer [C:/532/color_laser_detect_ip_v1.42/ip_repo/color_mk2_1.0/hdl/color_mk2_v1_0.v:121]
Completed static elaboration
Starting simulation data flow analysis
Completed simulation data flow analysis
Time Resolution for simulation is 1ps
Compiling module xil_defaultlib.color_mk2_v1_0_S00_AXIS(H_RESOLU...
Compiling module xil_defaultlib.color_mk2_v1_0_M00_AXIS(H_RESOLU...
Compiling module xil_defaultlib.color_mk2_v1_0(H_RESOLUTION=12,V...
Compiling module xil_defaultlib.color_tb
Compiling module xil_defaultlib.glbl
Built simulation snapshot color_tb_behav

****** Webtalk v2015.3 (64-bit)
  **** SW Build 1368829 on Mon Sep 28 20:06:43 MDT 2015
  **** IP Build 1367837 on Mon Sep 28 08:56:14 MDT 2015
    ** Copyright 1986-2015 Xilinx, Inc. All Rights Reserved.

source C:/532/color_laser_detect_ip_v1.42/ip_repo/edit_color_mk2_v1_0.sim/sim_1/behav/xsim.dir/color_tb_behav/webtalk/xsim_webtalk.tcl -notrace
INFO: [Common 17-206] Exiting Webtalk at Wed Mar 23 14:50:55 2016...
run_program: Time (s): cpu = 00:00:01 ; elapsed = 00:00:07 . Memory (MB): peak = 929.496 ; gain = 0.000
INFO: [USF-XSim-4] XSim::Simulate design
INFO: [USF-XSim-61] Executing 'SIMULATE' step in 'C:/532/color_laser_detect_ip_v1.42/ip_repo/edit_color_mk2_v1_0.sim/sim_1/behav'
INFO: [USF-XSim-98] *** Running xsim
   with args "color_tb_behav -key {Behavioral:sim_1:Functional:color_tb} -tclbatch {color_tb.tcl} -view {C:/532/color_laser_detect_ip_v1.42/ip_repo/color_tb_behav.wcfg} -log {simulate.log}"
INFO: [USF-XSim-8] Loading simulator feature
Vivado Simulator 2015.3
Time resolution is 1 ps
open_wave_config C:/532/color_laser_detect_ip_v1.42/ip_repo/color_tb_behav.wcfg
source color_tb.tcl
# set curr_wave [current_wave_config]
# if { [string length $curr_wave] == 0 } {
#   if { [llength [get_objects]] > 0} {
#     add_wave /
#     set_property needs_save false [current_wave_config]
#   } else {
#      send_msg_id Add_Wave-1 WARNING "No top level signals found. Simulator will start without a wave window. If you want to open a wave window go to 'File->New Waveform Configuration' or type 'create_wave_config' in the TCL console."
#   }
# }
# run 1000ns
INFO: [USF-XSim-96] XSim completed. Design snapshot 'color_tb_behav' loaded.
INFO: [USF-XSim-97] XSim simulation ran for 1000ns
launch_simulation: Time (s): cpu = 00:00:02 ; elapsed = 00:00:10 . Memory (MB): peak = 929.496 ; gain = 0.000
run 1000 ns
close_sim
INFO: [Simtcl 6-16] Simulation closed
close_sim: Time (s): cpu = 00:00:02 ; elapsed = 00:00:11 . Memory (MB): peak = 938.609 ; gain = 0.000
exit
INFO: [Common 17-206] Exiting Vivado at Wed Mar 23 15:39:35 2016...
