#-----------------------------------------------------------
# Vivado v2015.3 (64-bit)
# SW Build 1368829 on Mon Sep 28 20:06:43 MDT 2015
# IP Build 1367837 on Mon Sep 28 08:56:14 MDT 2015
# Start of session at: Sat Mar 26 16:33:29 2016
# Process ID: 11480
# Current directory: C:/532/color_laser_detect_ip_v1.43/ip_repo
# Command line: vivado.exe -gui_launcher_event rodinguilauncherevent7188 C:\532\color_laser_detect_ip_v1.43\ip_repo\edit_color_mk2_v1_0.xpr
# Log file: C:/532/color_laser_detect_ip_v1.43/ip_repo/vivado.log
# Journal file: C:/532/color_laser_detect_ip_v1.43/ip_repo\vivado.jou
#-----------------------------------------------------------
start_gui
open_project C:/532/color_laser_detect_ip_v1.43/ip_repo/edit_color_mk2_v1_0.xpr
INFO: [Project 1-313] Project file moved from 'C:/532/color_laser_detect_ip_v1.42/ip_repo' since last save.
Scanning sources...
Finished scanning sources
INFO: [IP_Flow 19-234] Refreshing IP repositories
INFO: [IP_Flow 19-1700] Loaded user IP repository 'c:/532/color_laser_detect_ip_v1.43/ip_repo/color_mk2_1.0'.
INFO: [IP_Flow 19-2313] Loaded Vivado IP repository 'C:/Xilinx/Vivado/2015.3/data/ip'.
open_project: Time (s): cpu = 00:00:17 ; elapsed = 00:00:08 . Memory (MB): peak = 759.160 ; gain = 127.246
exit
INFO: [Common 17-206] Exiting Vivado at Sat Mar 26 16:59:35 2016...
