12:47:47 INFO  : Launching XSDB server: xsdb.bat C:/Xilinx/2015_3/SDK/2015.3/scripts/xsdb/xsdb/xsdb-server.tcl
12:47:48 INFO  : XSDB server has started successfully.
12:47:49 INFO  : Processing command line option -hwspec C:/xup_video_project/hdmi_vdma_2/proj/hdmi.sdk/hdmi_wrapper.hdf.
12:50:43 INFO  : Connected to target on host '127.0.0.1' and port '3121'.
12:50:46 INFO  : 'targets -set -filter {jtag_cable_name =~ "Digilent Nexys Video 210276723576B" && level==0} -index 0' command is executed.
12:50:52 INFO  : FPGA configured successfully with bitstream "C:/xup_video_project/hdmi_vdma_2/proj/hdmi.sdk/hdmi_wrapper_hw_platform_0/download.bit"
12:51:17 INFO  : Processor reset is completed for microblaze_0
12:52:32 INFO  : microblaze_0 Processor is in use. Please stop existing Run or Debug sessions before launching.
12:52:33 INFO  : Processor reset is completed for microblaze_0
12:53:26 INFO  : microblaze_0 Processor is in use. Please stop existing Run or Debug sessions before launching.
12:53:27 INFO  : Processor reset is completed for microblaze_0
12:54:52 INFO  : microblaze_0 Processor is in use. Please stop existing Run or Debug sessions before launching.
12:54:53 INFO  : Processor reset is completed for microblaze_0
12:56:01 INFO  : microblaze_0 Processor is in use. Please stop existing Run or Debug sessions before launching.
12:56:02 INFO  : Processor reset is completed for microblaze_0
12:57:24 INFO  : microblaze_0 Processor is in use. Please stop existing Run or Debug sessions before launching.
12:57:25 INFO  : Processor reset is completed for microblaze_0
13:01:53 INFO  : microblaze_0 Processor is in use. Please stop existing Run or Debug sessions before launching.
13:01:54 INFO  : Processor reset is completed for microblaze_0
13:09:25 ERROR : Unexpected error while parsing XMD response ?: com.google.gson.JsonSyntaxException: com.google.gson.stream.MalformedJsonException: invalid number or unquoted string near 
13:24:41 INFO  : Launching XSDB server: xsdb.bat C:/Xilinx/2015_3/SDK/2015.3/scripts/xsdb/xsdb/xsdb-server.tcl
13:24:43 INFO  : XSDB server has started successfully.
13:24:44 INFO  : Processing command line option -hwspec C:/xup_video_project/hdmi_vdma_2/proj/hdmi.sdk/hdmi_wrapper.hdf.
13:24:44 INFO  : Checking for hwspec changes in the project hdmi_wrapper_hw_platform_0.
13:25:29 INFO  : Processor reset is completed for microblaze_0
13:26:10 INFO  : Connected to target on host '127.0.0.1' and port '3121'.
13:26:11 INFO  : 'targets -set -filter {jtag_cable_name =~ "Digilent Nexys Video 210276723576B" && level==0} -index 0' command is executed.
13:26:16 INFO  : FPGA configured successfully with bitstream "C:/xup_video_project/hdmi_vdma_2/proj/hdmi.sdk/hdmi_wrapper_hw_platform_0/download.bit"
13:26:20 INFO  : microblaze_0 Processor is in use. Please stop existing Run or Debug sessions before launching.
13:26:21 INFO  : Processor reset is completed for microblaze_0
19:10:29 INFO  : Processor reset is completed for microblaze_0
19:11:22 INFO  : microblaze_0 Processor is in use. Please stop existing Run or Debug sessions before launching.
19:11:23 INFO  : Processor reset is completed for microblaze_0
19:11:54 INFO  : microblaze_0 Processor is in use. Please stop existing Run or Debug sessions before launching.
19:11:55 INFO  : Processor reset is completed for microblaze_0
19:17:57 ERROR : Unexpected error while parsing XMD response ?: com.google.gson.JsonSyntaxException: com.google.gson.stream.MalformedJsonException: invalid number or unquoted string near 
19:26:14 INFO  : Launching XSDB server: xsdb.bat C:/Xilinx/2015_3/SDK/2015.3/scripts/xsdb/xsdb/xsdb-server.tcl
19:26:15 INFO  : XSDB server has started successfully.
19:26:16 INFO  : Processing command line option -hwspec C:/xup_video_project/hdmi_vdma_2/proj/hdmi.sdk/hdmi_wrapper.hdf.
19:26:16 INFO  : Checking for hwspec changes in the project hdmi_wrapper_hw_platform_0.
19:26:40 INFO  : Processor reset is completed for microblaze_0
19:28:21 INFO  : microblaze_0 Processor is in use. Please stop existing Run or Debug sessions before launching.
19:28:21 INFO  : Processor reset is completed for microblaze_0
19:29:48 INFO  : Connected to target on host '127.0.0.1' and port '3121'.
19:29:48 INFO  : 'targets -set -filter {jtag_cable_name =~ "Digilent Nexys Video 210276723576B" && level==0} -index 0' command is executed.
19:29:54 INFO  : FPGA configured successfully with bitstream "C:/xup_video_project/hdmi_vdma_2/proj/hdmi.sdk/hdmi_wrapper_hw_platform_0/download.bit"
19:29:59 INFO  : microblaze_0 Processor is in use. Please stop existing Run or Debug sessions before launching.
19:30:00 INFO  : Processor reset is completed for microblaze_0
19:42:47 INFO  : microblaze_0 Processor is in use. Please stop existing Run or Debug sessions before launching.
19:42:48 INFO  : Processor reset is completed for microblaze_0
19:46:26 INFO  : microblaze_0 Processor is in use. Please stop existing Run or Debug sessions before launching.
19:46:27 INFO  : Processor reset is completed for microblaze_0
19:47:55 INFO  : Processor reset is completed for microblaze_0
19:53:13 INFO  : microblaze_0 Processor is in use. Please stop existing Run or Debug sessions before launching.
19:53:14 INFO  : Processor reset is completed for microblaze_0
20:05:58 INFO  : microblaze_0 Processor is in use. Please stop existing Run or Debug sessions before launching.
20:05:59 INFO  : Processor reset is completed for microblaze_0
20:08:48 ERROR : Unexpected error while parsing XMD response ?: com.google.gson.JsonSyntaxException: com.google.gson.stream.MalformedJsonException: invalid number or unquoted string near 
20:27:17 INFO  : Launching XSDB server: xsdb.bat C:/Xilinx/2015_3/SDK/2015.3/scripts/xsdb/xsdb/xsdb-server.tcl
20:27:18 INFO  : XSDB server has started successfully.
20:27:19 INFO  : Processing command line option -hwspec C:/xup_video_project/hdmi_vdma_2/proj/hdmi.sdk/hdmi_wrapper.hdf.
20:27:19 INFO  : Checking for hwspec changes in the project hdmi_wrapper_hw_platform_0.
20:28:02 INFO  : Processor reset is completed for microblaze_0
20:28:42 INFO  : Connected to target on host '127.0.0.1' and port '3121'.
20:28:43 INFO  : 'targets -set -filter {jtag_cable_name =~ "Digilent Nexys Video 210276723576B" && level==0} -index 0' command is executed.
20:28:48 INFO  : FPGA configured successfully with bitstream "C:/xup_video_project/hdmi_vdma_2/proj/hdmi.sdk/hdmi_wrapper_hw_platform_0/download.bit"
20:28:52 INFO  : microblaze_0 Processor is in use. Please stop existing Run or Debug sessions before launching.
20:28:53 INFO  : Processor reset is completed for microblaze_0
20:30:25 INFO  : microblaze_0 Processor is in use. Please stop existing Run or Debug sessions before launching.
20:30:26 INFO  : Processor reset is completed for microblaze_0
20:31:05 INFO  : microblaze_0 Processor is in use. Please stop existing Run or Debug sessions before launching.
20:31:06 INFO  : Processor reset is completed for microblaze_0
20:31:52 INFO  : microblaze_0 Processor is in use. Please stop existing Run or Debug sessions before launching.
20:31:53 INFO  : Processor reset is completed for microblaze_0
20:34:15 INFO  : microblaze_0 Processor is in use. Please stop existing Run or Debug sessions before launching.
20:34:16 INFO  : Processor reset is completed for microblaze_0
21:02:50 ERROR : Unexpected error while parsing XMD response ?: com.google.gson.JsonSyntaxException: com.google.gson.stream.MalformedJsonException: invalid number or unquoted string near 
08:18:38 INFO  : Launching XSDB server: xsdb.bat C:/Xilinx/2015_3/SDK/2015.3/scripts/xsdb/xsdb/xsdb-server.tcl
08:18:40 INFO  : XSDB server has started successfully.
08:18:40 INFO  : Processing command line option -hwspec C:/xup_video_project/hdmi_vdma_2/proj/hdmi.sdk/hdmi_wrapper.hdf.
08:18:41 INFO  : Checking for hwspec changes in the project hdmi_wrapper_hw_platform_0.
08:24:02 INFO  : Connected to target on host '127.0.0.1' and port '3121'.
08:24:05 INFO  : 'targets -set -filter {jtag_cable_name =~ "Digilent Nexys Video 210276723576B" && level==0} -index 0' command is executed.
08:24:11 INFO  : FPGA configured successfully with bitstream "C:/xup_video_project/hdmi_vdma_2/proj/hdmi.sdk/hdmi_wrapper_hw_platform_0/download.bit"
08:25:45 INFO  : Processor reset is completed for microblaze_0
08:26:15 INFO  : microblaze_0 Processor is in use. Please stop existing Run or Debug sessions before launching.
08:26:16 INFO  : Processor reset is completed for microblaze_0
08:33:00 INFO  : microblaze_0 Processor is in use. Please stop existing Run or Debug sessions before launching.
08:33:01 INFO  : Processor reset is completed for microblaze_0
08:34:58 INFO  : microblaze_0 Processor is in use. Please stop existing Run or Debug sessions before launching.
08:34:59 INFO  : Processor reset is completed for microblaze_0
08:36:12 INFO  : microblaze_0 Processor is in use. Please stop existing Run or Debug sessions before launching.
08:36:13 INFO  : Processor reset is completed for microblaze_0
08:53:53 ERROR : Unexpected error while parsing XMD response ?: com.google.gson.JsonSyntaxException: com.google.gson.stream.MalformedJsonException: invalid number or unquoted string near 
09:13:13 INFO  : Launching XSDB server: xsdb.bat C:/Xilinx/2015_3/SDK/2015.3/scripts/xsdb/xsdb/xsdb-server.tcl
09:13:14 INFO  : XSDB server has started successfully.
09:13:14 INFO  : Processing command line option -hwspec C:/xup_video_project/hdmi_vdma_2/proj/hdmi.sdk/hdmi_wrapper.hdf.
09:13:14 INFO  : Checking for hwspec changes in the project hdmi_wrapper_hw_platform_0.
09:13:29 INFO  : Processor reset is completed for microblaze_0
09:56:44 ERROR : Unexpected error while parsing XMD response ?: com.google.gson.JsonSyntaxException: com.google.gson.stream.MalformedJsonException: invalid number or unquoted string near 
10:04:47 INFO  : Launching XSDB server: xsdb.bat C:/Xilinx/2015_3/SDK/2015.3/scripts/xsdb/xsdb/xsdb-server.tcl
10:04:49 INFO  : XSDB server has started successfully.
10:04:50 INFO  : Processing command line option -hwspec C:/xup_video_project/hdmi_vdma_2/proj/hdmi.sdk/hdmi_wrapper.hdf.
10:04:50 INFO  : Checking for hwspec changes in the project hdmi_wrapper_hw_platform_0.
10:13:41 INFO  : Processor reset is completed for microblaze_0
10:14:36 INFO  : microblaze_0 Processor is in use. Please stop existing Run or Debug sessions before launching.
10:14:37 INFO  : Processor reset is completed for microblaze_0
10:15:27 INFO  : microblaze_0 Processor is in use. Please stop existing Run or Debug sessions before launching.
10:15:28 INFO  : Processor reset is completed for microblaze_0
10:17:14 INFO  : microblaze_0 Processor is in use. Please stop existing Run or Debug sessions before launching.
10:17:15 INFO  : Processor reset is completed for microblaze_0
10:18:24 INFO  : microblaze_0 Processor is in use. Please stop existing Run or Debug sessions before launching.
10:18:25 INFO  : Processor reset is completed for microblaze_0
10:19:00 INFO  : microblaze_0 Processor is in use. Please stop existing Run or Debug sessions before launching.
10:19:01 INFO  : Processor reset is completed for microblaze_0
10:19:50 INFO  : microblaze_0 Processor is in use. Please stop existing Run or Debug sessions before launching.
10:19:51 INFO  : Processor reset is completed for microblaze_0
10:20:24 INFO  : microblaze_0 Processor is in use. Please stop existing Run or Debug sessions before launching.
10:20:25 INFO  : Processor reset is completed for microblaze_0
10:20:37 INFO  : microblaze_0 Processor is in use. Please stop existing Run or Debug sessions before launching.
10:20:38 INFO  : Processor reset is completed for microblaze_0
10:21:18 INFO  : microblaze_0 Processor is in use. Please stop existing Run or Debug sessions before launching.
10:21:19 INFO  : Processor reset is completed for microblaze_0
10:21:52 INFO  : microblaze_0 Processor is in use. Please stop existing Run or Debug sessions before launching.
10:21:53 INFO  : Processor reset is completed for microblaze_0
10:22:38 INFO  : microblaze_0 Processor is in use. Please stop existing Run or Debug sessions before launching.
10:22:39 INFO  : Processor reset is completed for microblaze_0
10:24:37 INFO  : microblaze_0 Processor is in use. Please stop existing Run or Debug sessions before launching.
10:24:38 INFO  : Processor reset is completed for microblaze_0
10:29:09 INFO  : microblaze_0 Processor is in use. Please stop existing Run or Debug sessions before launching.
10:29:10 INFO  : Processor reset is completed for microblaze_0
10:41:25 INFO  : microblaze_0 Processor is in use. Please stop existing Run or Debug sessions before launching.
10:41:26 INFO  : Processor reset is completed for microblaze_0
10:46:52 INFO  : Processor reset is completed for microblaze_0
10:50:38 INFO  : Processor reset is completed for microblaze_0
14:15:30 INFO  : Time out for XMD transaction is 60000
If you want to increase the timeout value, goto Windows-> Preferences -> Xilinx SDK -> XMD Startup
14:15:30 ERROR : Timeout occured while waiting to get reply for command "xdisconnect 0"
14:15:30 ERROR : Disconnect target failed.
14:16:33 ERROR : Disconnect target failed.No active Target 0

14:16:33 ERROR : Unable to disconnect from existing targets
java.lang.RuntimeException: No active Target 0

	at com.xilinx.sdk.targetmanager.internal.TM.disconnectTarget(TM.java:329)
	at com.xilinx.sdk.targetmanager.internal.TM.disconnectExistingTargets(TM.java:308)
	at com.xilinx.sdk.targetmanager.internal.TM.terminate(TM.java:212)
	at com.xilinx.sdk.targetmanager.TMPlugin.stop(TMPlugin.java:58)
	at org.eclipse.osgi.framework.internal.core.BundleContextImpl$2.run(BundleContextImpl.java:771)
	at java.security.AccessController.doPrivileged(Native Method)
	at org.eclipse.osgi.framework.internal.core.BundleContextImpl.stop(BundleContextImpl.java:764)
	at org.eclipse.osgi.framework.internal.core.BundleHost.stopWorker(BundleHost.java:510)
	at org.eclipse.osgi.framework.internal.core.AbstractBundle.suspend(AbstractBundle.java:566)
	at org.eclipse.osgi.framework.internal.core.Framework.suspendBundle(Framework.java:1206)
	at org.eclipse.osgi.framework.internal.core.StartLevelManager.decFWSL(StartLevelManager.java:592)
	at org.eclipse.osgi.framework.internal.core.StartLevelManager.doSetStartLevel(StartLevelManager.java:257)
	at org.eclipse.osgi.framework.internal.core.StartLevelManager.shutdown(StartLevelManager.java:215)
	at org.eclipse.osgi.framework.internal.core.InternalSystemBundle.suspend(InternalSystemBundle.java:284)
	at org.eclipse.osgi.framework.internal.core.Framework.shutdown(Framework.java:692)
	at org.eclipse.osgi.framework.internal.core.Framework.close(Framework.java:600)
	at org.eclipse.core.runtime.adaptor.EclipseStarter.shutdown(EclipseStarter.java:400)
	at org.eclipse.core.runtime.adaptor.EclipseStarter.run(EclipseStarter.java:200)
	at sun.reflect.NativeMethodAccessorImpl.invoke0(Native Method)
	at sun.reflect.NativeMethodAccessorImpl.invoke(NativeMethodAccessorImpl.java:62)
	at sun.reflect.DelegatingMethodAccessorImpl.invoke(DelegatingMethodAccessorImpl.java:43)
	at java.lang.reflect.Method.invoke(Method.java:497)
	at org.eclipse.equinox.launcher.Main.invokeFramework(Main.java:636)
	at org.eclipse.equinox.launcher.Main.basicRun(Main.java:591)
	at org.eclipse.equinox.launcher.Main.run(Main.java:1450)
14:16:33 ERROR : Unexpected error while parsing XMD response ?: com.google.gson.JsonSyntaxException: com.google.gson.stream.MalformedJsonException: invalid number or unquoted string near 
15:02:19 INFO  : Launching XSDB server: xsdb.bat C:/Xilinx/2015_3/SDK/2015.3/scripts/xsdb/xsdb/xsdb-server.tcl
15:02:21 INFO  : XSDB server has started successfully.
15:02:21 INFO  : Processing command line option -hwspec C:/xup_video_project/hdmi_vdma_2/proj/hdmi.sdk/hdmi_wrapper.hdf.
15:02:22 INFO  : Checking for hwspec changes in the project hdmi_wrapper_hw_platform_0.
15:03:16 INFO  : Connected to target on host '127.0.0.1' and port '3121'.
15:03:18 INFO  : 'targets -set -filter {jtag_cable_name =~ "Digilent Nexys Video 210276723576B" && level==0} -index 0' command is executed.
15:03:25 INFO  : FPGA configured successfully with bitstream "C:/xup_video_project/hdmi_vdma_2/proj/hdmi.sdk/hdmi_wrapper_hw_platform_0/download.bit"
15:04:02 INFO  : Processor reset is completed for microblaze_0
15:31:58 INFO  : microblaze_0 Processor is in use. Please stop existing Run or Debug sessions before launching.
15:32:00 INFO  : Processor reset is completed for microblaze_0
15:34:30 INFO  : microblaze_0 Processor is in use. Please stop existing Run or Debug sessions before launching.
15:34:31 INFO  : Processor reset is completed for microblaze_0
21:04:58 ERROR : Unexpected error while parsing XMD response ?: com.google.gson.JsonSyntaxException: com.google.gson.stream.MalformedJsonException: invalid number or unquoted string near 
08:19:13 INFO  : Launching XSDB server: xsdb.bat C:/Xilinx/2015_3/SDK/2015.3/scripts/xsdb/xsdb/xsdb-server.tcl
08:19:14 INFO  : XSDB server has started successfully.
08:19:14 INFO  : Processing command line option -hwspec C:/xup_video_project/hdmi_vdma_2/proj/hdmi.sdk/hdmi_wrapper.hdf.
08:19:15 INFO  : Checking for hwspec changes in the project hdmi_wrapper_hw_platform_0.
12:21:25 INFO  : Launching XSDB server: xsdb.bat C:/Xilinx/2015_3/SDK/2015.3/scripts/xsdb/xsdb/xsdb-server.tcl
12:21:27 INFO  : XSDB server has started successfully.
12:21:27 INFO  : Processing command line option -hwspec C:/xup_video_project/hdmi_vdma_2/proj/hdmi.sdk/hdmi_wrapper.hdf.
12:21:28 INFO  : Checking for hwspec changes in the project hdmi_wrapper_hw_platform_0.
12:22:28 INFO  : Connected to target on host '127.0.0.1' and port '3121'.
12:22:30 INFO  : 'targets -set -filter {jtag_cable_name =~ "Digilent Nexys Video 210276723576B" && level==0} -index 0' command is executed.
12:22:37 INFO  : FPGA configured successfully with bitstream "C:/xup_video_project/hdmi_vdma_2/proj/hdmi.sdk/hdmi_wrapper_hw_platform_0/download.bit"
12:23:18 INFO  : Processor reset is completed for microblaze_0
12:40:10 INFO  : microblaze_0 Processor is in use. Please stop existing Run or Debug sessions before launching.
12:40:11 INFO  : Processor reset is completed for microblaze_0
12:40:36 INFO  : microblaze_0 Processor is in use. Please stop existing Run or Debug sessions before launching.
12:40:37 INFO  : Processor reset is completed for microblaze_0
12:51:33 INFO  : microblaze_0 Processor is in use. Please stop existing Run or Debug sessions before launching.
12:51:34 INFO  : Processor reset is completed for microblaze_0
13:05:23 INFO  : microblaze_0 Processor is in use. Please stop existing Run or Debug sessions before launching.
13:05:24 INFO  : Processor reset is completed for microblaze_0
13:08:18 INFO  : microblaze_0 Processor is in use. Please stop existing Run or Debug sessions before launching.
13:08:19 INFO  : Processor reset is completed for microblaze_0
13:18:01 INFO  : microblaze_0 Processor is in use. Please stop existing Run or Debug sessions before launching.
13:18:02 INFO  : Processor reset is completed for microblaze_0
13:27:07 INFO  : microblaze_0 Processor is in use. Please stop existing Run or Debug sessions before launching.
13:27:08 INFO  : Processor reset is completed for microblaze_0
16:17:05 ERROR : Unexpected error while parsing XMD response ?: com.google.gson.JsonSyntaxException: com.google.gson.stream.MalformedJsonException: invalid number or unquoted string near 
17:36:17 INFO  : Launching XSDB server: xsdb.bat C:/Xilinx/2015_3/SDK/2015.3/scripts/xsdb/xsdb/xsdb-server.tcl
17:36:19 INFO  : XSDB server has started successfully.
17:36:20 INFO  : Processing command line option -hwspec C:/xup_video_project/latest/hdmi_vdma_2/proj/hdmi.sdk/hdmi_wrapper.hdf.
17:37:22 INFO  : Processor reset is completed for microblaze_0
17:37:29 INFO  : microblaze_0 Processor is in use. Please stop existing Run or Debug sessions before launching.
17:37:31 INFO  : Processor reset is completed for microblaze_0
17:42:37 INFO  : microblaze_0 Processor is in use. Please stop existing Run or Debug sessions before launching.
17:42:39 INFO  : Processor reset is completed for microblaze_0
17:45:36 INFO  : microblaze_0 Processor is in use. Please stop existing Run or Debug sessions before launching.
17:45:37 INFO  : Processor reset is completed for microblaze_0
17:46:28 INFO  : microblaze_0 Processor is in use. Please stop existing Run or Debug sessions before launching.
17:46:29 INFO  : Processor reset is completed for microblaze_0
17:48:05 INFO  : microblaze_0 Processor is in use. Please stop existing Run or Debug sessions before launching.
17:48:06 INFO  : Processor reset is completed for microblaze_0
17:49:27 INFO  : microblaze_0 Processor is in use. Please stop existing Run or Debug sessions before launching.
17:49:28 INFO  : Processor reset is completed for microblaze_0
17:50:26 INFO  : microblaze_0 Processor is in use. Please stop existing Run or Debug sessions before launching.
17:50:27 INFO  : Processor reset is completed for microblaze_0
17:51:29 INFO  : microblaze_0 Processor is in use. Please stop existing Run or Debug sessions before launching.
17:51:30 INFO  : Processor reset is completed for microblaze_0
17:54:19 INFO  : microblaze_0 Processor is in use. Please stop existing Run or Debug sessions before launching.
17:54:20 INFO  : Processor reset is completed for microblaze_0
17:55:51 INFO  : microblaze_0 Processor is in use. Please stop existing Run or Debug sessions before launching.
17:55:52 INFO  : Processor reset is completed for microblaze_0
17:58:34 INFO  : microblaze_0 Processor is in use. Please stop existing Run or Debug sessions before launching.
17:58:35 INFO  : Processor reset is completed for microblaze_0
18:00:45 INFO  : microblaze_0 Processor is in use. Please stop existing Run or Debug sessions before launching.
18:00:46 INFO  : Processor reset is completed for microblaze_0
18:01:37 INFO  : Connected to target on host '127.0.0.1' and port '3121'.
18:01:37 INFO  : 'targets -set -filter {jtag_cable_name =~ "Digilent Nexys Video 210276723576B" && level==0} -index 0' command is executed.
18:01:43 INFO  : FPGA configured successfully with bitstream "C:/xup_video_project/latest/hdmi_vdma_2/proj/hdmi.sdk/hdmi_wrapper_hw_platform_0/download.bit"
18:02:17 INFO  : microblaze_0 Processor is in use. Please stop existing Run or Debug sessions before launching.
18:02:18 INFO  : Processor reset is completed for microblaze_0
18:07:16 INFO  : microblaze_0 Processor is in use. Please stop existing Run or Debug sessions before launching.
18:07:17 INFO  : Processor reset is completed for microblaze_0
18:09:48 INFO  : microblaze_0 Processor is in use. Please stop existing Run or Debug sessions before launching.
18:09:49 INFO  : Processor reset is completed for microblaze_0
18:13:17 INFO  : microblaze_0 Processor is in use. Please stop existing Run or Debug sessions before launching.
18:13:18 INFO  : Processor reset is completed for microblaze_0
18:34:04 INFO  : microblaze_0 Processor is in use. Please stop existing Run or Debug sessions before launching.
18:34:05 INFO  : Processor reset is completed for microblaze_0
18:41:39 INFO  : microblaze_0 Processor is in use. Please stop existing Run or Debug sessions before launching.
18:41:40 INFO  : Processor reset is completed for microblaze_0
18:43:24 INFO  : microblaze_0 Processor is in use. Please stop existing Run or Debug sessions before launching.
18:43:25 INFO  : Processor reset is completed for microblaze_0
18:44:32 INFO  : microblaze_0 Processor is in use. Please stop existing Run or Debug sessions before launching.
18:44:32 INFO  : Processor reset is completed for microblaze_0
18:47:18 INFO  : microblaze_0 Processor is in use. Please stop existing Run or Debug sessions before launching.
18:47:19 INFO  : Processor reset is completed for microblaze_0
18:49:00 INFO  : microblaze_0 Processor is in use. Please stop existing Run or Debug sessions before launching.
18:49:01 INFO  : Processor reset is completed for microblaze_0
18:49:25 INFO  : microblaze_0 Processor is in use. Please stop existing Run or Debug sessions before launching.
18:49:26 INFO  : Processor reset is completed for microblaze_0
18:52:06 INFO  : microblaze_0 Processor is in use. Please stop existing Run or Debug sessions before launching.
18:52:07 INFO  : Processor reset is completed for microblaze_0
18:53:09 INFO  : microblaze_0 Processor is in use. Please stop existing Run or Debug sessions before launching.
18:53:10 INFO  : Processor reset is completed for microblaze_0
19:04:35 ERROR : Unexpected error while parsing XMD response ?: com.google.gson.JsonSyntaxException: com.google.gson.stream.MalformedJsonException: invalid number or unquoted string near 
19:12:42 INFO  : Launching XSDB server: xsdb.bat C:/Xilinx/2015_3/SDK/2015.3/scripts/xsdb/xsdb/xsdb-server.tcl
19:12:43 INFO  : XSDB server has started successfully.
19:12:43 INFO  : Processing command line option -hwspec C:/xup_video_project/latest/hdmi_vdma_2/proj/hdmi.sdk/hdmi_wrapper.hdf.
19:12:43 INFO  : Checking for hwspec changes in the project hdmi_wrapper_hw_platform_1.
19:14:35 INFO  : Connected to target on host '127.0.0.1' and port '3121'.
19:14:37 INFO  : 'targets -set -filter {jtag_cable_name =~ "Digilent Nexys Video 210276723576B" && level==0} -index 0' command is executed.
19:14:43 INFO  : FPGA configured successfully with bitstream "C:/xup_video_project/latest/hdmi_vdma_2/proj/hdmi.sdk/hdmi_wrapper_hw_platform_1/download.bit"
19:14:53 INFO  : Processor reset is completed for microblaze_0
19:15:58 INFO  : Processor reset is completed for microblaze_0
19:19:18 INFO  : microblaze_0 Processor is in use. Please stop existing Run or Debug sessions before launching.
19:19:19 INFO  : Processor reset is completed for microblaze_0
19:21:17 INFO  : microblaze_0 Processor is in use. Please stop existing Run or Debug sessions before launching.
19:21:18 INFO  : Processor reset is completed for microblaze_0
19:38:02 ERROR : Unexpected error while parsing XMD response ?: com.google.gson.JsonSyntaxException: com.google.gson.stream.MalformedJsonException: invalid number or unquoted string near 
19:41:06 INFO  : Launching XSDB server: xsdb.bat G:/Xilinx/SDK/2015.3/scripts/xsdb/xsdb/xsdb-server.tcl
19:41:09 INFO  : XSDB server has started successfully.
19:41:11 INFO  : Processing command line option -hwspec D:/532/G9_InteractiveStudio/src/proj/hdmi.sdk/hdmi_wrapper.hdf.
