#-----------------------------------------------------------
# Vivado v2015.3 (64-bit)
# SW Build 1368829 on Mon Sep 28 20:06:43 MDT 2015
# IP Build 1367837 on Mon Sep 28 08:56:14 MDT 2015
# Start of session at: Fri Mar 11 08:51:38 2016
# Process ID: 3100
# Current directory: D:/Harry/Documents/new_color_ip/ip_repo
# Command line: vivado.exe -gui_launcher_event rodinguilauncherevent3828 D:\Harry\Documents\new_color_ip\ip_repo\edit_color_mk2_v1_0.xpr
# Log file: D:/Harry/Documents/new_color_ip/ip_repo/vivado.log
# Journal file: D:/Harry/Documents/new_color_ip/ip_repo\vivado.jou
#-----------------------------------------------------------
start_gui
open_project D:/Harry/Documents/new_color_ip/ip_repo/edit_color_mk2_v1_0.xpr
Scanning sources...
Finished scanning sources
INFO: [IP_Flow 19-234] Refreshing IP repositories
INFO: [IP_Flow 19-1700] Loaded user IP repository 'd:/Harry/Documents/new_color_ip/ip_repo/color_mk2_1.0'.
INFO: [IP_Flow 19-2313] Loaded Vivado IP repository 'D:/Xilinx/Vivado/2015.3/data/ip'.
open_project: Time (s): cpu = 00:00:08 ; elapsed = 00:00:09 . Memory (MB): peak = 705.004 ; gain = 121.465
exit
INFO: [Common 17-206] Exiting Vivado at Fri Mar 11 08:52:28 2016...
