#-----------------------------------------------------------
# Webtalk v2015.3 (64-bit)
# SW Build 1368829 on Mon Sep 28 20:06:43 MDT 2015
# 
# Start of session at: Wed Mar 30 13:09:24 2016
# Process ID: 3112
# Current directory: C:/xup_video_project/hdmi_vdma_2/proj/hdmi.sdk/webtalk
# Command line: wbtcv.exe -mode batch -source sdk_webtalk.tcl
# Log file: C:/xup_video_project/hdmi_vdma_2/proj/hdmi.sdk/webtalk/webtalk.log
# Journal file: C:/xup_video_project/hdmi_vdma_2/proj/hdmi.sdk/webtalk\webtalk.jou
#-----------------------------------------------------------
source sdk_webtalk.tcl
# webtalk_init -webtalk_dir C:\\xup_video_project\\hdmi_vdma_2\\proj\\hdmi.sdk\\webtalk
# webtalk_register_client -client project
# webtalk_add_data -client project -key date_generated -value "Wed Mar 30 13:09:24 2016" -context "software_version_and_target_device"
# webtalk_add_data -client project -key product_version -value "SDK v2015.3" -context "software_version_and_target_device"
# webtalk_add_data -client project -key build_version -value "2015.3" -context "software_version_and_target_device"
# webtalk_add_data -client project -key os_platform -value "amd64" -context "software_version_and_target_device"
# webtalk_add_data -client project -key registration_id -value "" -context "software_version_and_target_device"
# webtalk_add_data -client project -key tool_flow -value "SDK" -context "software_version_and_target_device"
# webtalk_add_data -client project -key beta -value "false" -context "software_version_and_target_device"
# webtalk_add_data -client project -key route_design -value "NA" -context "software_version_and_target_device"
# webtalk_add_data -client project -key target_family -value "NA" -context "software_version_and_target_device"
# webtalk_add_data -client project -key target_device -value "NA" -context "software_version_and_target_device"
# webtalk_add_data -client project -key target_package -value "NA" -context "software_version_and_target_device"
# webtalk_add_data -client project -key target_speed -value "NA" -context "software_version_and_target_device"
# webtalk_add_data -client project -key random_id -value "pi3gun5sdmha5id9dnf2ujeqe0" -context "software_version_and_target_device"
# webtalk_add_data -client project -key project_id -value "2015.3_120" -context "software_version_and_target_device"
# webtalk_add_data -client project -key project_iteration -value "120" -context "software_version_and_target_device"
# webtalk_add_data -client project -key os_name -value "" -context "user_environment"
# webtalk_add_data -client project -key os_release -value "" -context "user_environment"
# webtalk_add_data -client project -key cpu_name -value "" -context "user_environment"
# webtalk_add_data -client project -key cpu_speed -value "" -context "user_environment"
# webtalk_add_data -client project -key total_processors -value "" -context "user_environment"
# webtalk_add_data -client project -key system_ram -value "" -context "user_environment"
# webtalk_register_client -client sdk
# webtalk_add_data -client sdk -key uid -value "1459356471347" -context "sdk\\\\hardware/1459356471347"
# webtalk_add_data -client sdk -key isZynq -value "false" -context "sdk\\\\hardware/1459356471347"
# webtalk_add_data -client sdk -key Processors -value "1" -context "sdk\\\\hardware/1459356471347"
# webtalk_add_data -client sdk -key VivadoVersion -value "2015.3" -context "sdk\\\\hardware/1459356471347"
# webtalk_add_data -client sdk -key Arch -value "artix7" -context "sdk\\\\hardware/1459356471347"
# webtalk_add_data -client sdk -key Device -value "7a200t" -context "sdk\\\\hardware/1459356471347"
# webtalk_add_data -client sdk -key IsHandoff -value "true" -context "sdk\\\\hardware/1459356471347"
# webtalk_add_data -client sdk -key uid -value "1459356502559" -context "sdk\\\\bsp/1459356502559"
# webtalk_add_data -client sdk -key hwid -value "1459356471347" -context "sdk\\\\bsp/1459356502559"
# webtalk_add_data -client sdk -key os -value "standalone" -context "sdk\\\\bsp/1459356502559"
# webtalk_add_data -client sdk -key apptemplate -value "hello_world" -context "sdk\\\\bsp/1459356502559"
# webtalk_add_data -client sdk -key uid -value "1459356509207" -context "sdk\\\\application/1459356509207"
# webtalk_add_data -client sdk -key hwid -value "1459356471347" -context "sdk\\\\application/1459356509207"
# webtalk_add_data -client sdk -key bspid -value "1459356502559" -context "sdk\\\\application/1459356509207"
# webtalk_add_data -client sdk -key newbsp -value "true" -context "sdk\\\\application/1459356509207"
# webtalk_add_data -client sdk -key os -value "standalone" -context "sdk\\\\application/1459356509207"
# webtalk_add_data -client sdk -key apptemplate -value "hello_world" -context "sdk\\\\application/1459356509207"
# webtalk_transmit -clientid 28673353 -regid "" -xml C:\\xup_video_project\\hdmi_vdma_2\\proj\\hdmi.sdk\\webtalk\\usage_statistics_ext_sdk.xml -html C:\\xup_video_project\\hdmi_vdma_2\\proj\\hdmi.sdk\\webtalk\\usage_statistics_ext_sdk.html -wdm C:\\xup_video_project\\hdmi_vdma_2\\proj\\hdmi.sdk\\webtalk\\sdk_webtalk.wdm -intro "<H3>SDK Usage Report</H3><BR>"

    while executing
"webtalk_transmit -clientid 28673353 -regid "" -xml C:\\xup_video_project\\hdmi_vdma_2\\proj\\hdmi.sdk\\webtalk\\usage_statistics_ext_sdk.xml -html C:\..."
    (file "sdk_webtalk.tcl" line 42)
INFO: [Common 17-206] Exiting Webtalk at Wed Mar 30 13:09:27 2016...
