INFO: [VRFC 10-2263] Analyzing Verilog file "C:/532/color_laser_detect_ip_v1.44/ip_repo/color_mk2_1.0/hdl/color_mk2_v1_0_M00_AXIS.v" into library xil_defaultlib
INFO: [VRFC 10-311] analyzing module color_mk2_v1_0_M00_AXIS
INFO: [VRFC 10-2458] undeclared symbol M_AXIS_TSTRB, assumed default net type wire [C:/532/color_laser_detect_ip_v1.44/ip_repo/color_mk2_1.0/hdl/color_mk2_v1_0_M00_AXIS.v:104]
WARNING: [VRFC 10-756] identifier bit_num_x is used before its declaration [C:/532/color_laser_detect_ip_v1.44/ip_repo/color_mk2_1.0/hdl/color_mk2_v1_0_M00_AXIS.v:23]
INFO: [VRFC 10-2263] Analyzing Verilog file "C:/532/color_laser_detect_ip_v1.44/ip_repo/color_mk2_1.0/hdl/color_mk2_v1_0_S00_AXIS.v" into library xil_defaultlib
INFO: [VRFC 10-311] analyzing module color_mk2_v1_0_S00_AXIS
WARNING: [VRFC 10-756] identifier bit_num_x is used before its declaration [C:/532/color_laser_detect_ip_v1.44/ip_repo/color_mk2_1.0/hdl/color_mk2_v1_0_S00_AXIS.v:24]
WARNING: [VRFC 10-756] identifier bit_num_x is used before its declaration [C:/532/color_laser_detect_ip_v1.44/ip_repo/color_mk2_1.0/hdl/color_mk2_v1_0_S00_AXIS.v:26]
WARNING: [VRFC 10-756] identifier bit_num_y is used before its declaration [C:/532/color_laser_detect_ip_v1.44/ip_repo/color_mk2_1.0/hdl/color_mk2_v1_0_S00_AXIS.v:27]
WARNING: [VRFC 10-756] identifier write_state is used before its declaration [C:/532/color_laser_detect_ip_v1.44/ip_repo/color_mk2_1.0/hdl/color_mk2_v1_0_S00_AXIS.v:177]
WARNING: [VRFC 10-756] identifier write_state is used before its declaration [C:/532/color_laser_detect_ip_v1.44/ip_repo/color_mk2_1.0/hdl/color_mk2_v1_0_S00_AXIS.v:182]
INFO: [VRFC 10-2263] Analyzing Verilog file "C:/532/color_laser_detect_ip_v1.44/ip_repo/color_mk2_1.0/hdl/color_mk2_v1_0.v" into library xil_defaultlib
INFO: [VRFC 10-311] analyzing module color_mk2_v1_0
INFO: [VRFC 10-2263] Analyzing Verilog file "C:/532/color_laser_detect_ip_v1.44/ip_repo/color_mk2_1.0/src/color_tb.v" into library xil_defaultlib
INFO: [VRFC 10-311] analyzing module color_tb
WARNING: [VRFC 10-756] identifier data is used before its declaration [C:/532/color_laser_detect_ip_v1.44/ip_repo/color_mk2_1.0/src/color_tb.v:47]
WARNING: [VRFC 10-756] identifier data is used before its declaration [C:/532/color_laser_detect_ip_v1.44/ip_repo/color_mk2_1.0/src/color_tb.v:48]
WARNING: [VRFC 10-756] identifier data is used before its declaration [C:/532/color_laser_detect_ip_v1.44/ip_repo/color_mk2_1.0/src/color_tb.v:49]
WARNING: [VRFC 10-756] identifier data is used before its declaration [C:/532/color_laser_detect_ip_v1.44/ip_repo/color_mk2_1.0/src/color_tb.v:50]
WARNING: [VRFC 10-756] identifier data is used before its declaration [C:/532/color_laser_detect_ip_v1.44/ip_repo/color_mk2_1.0/src/color_tb.v:51]
WARNING: [VRFC 10-756] identifier data is used before its declaration [C:/532/color_laser_detect_ip_v1.44/ip_repo/color_mk2_1.0/src/color_tb.v:52]
WARNING: [VRFC 10-756] identifier data is used before its declaration [C:/532/color_laser_detect_ip_v1.44/ip_repo/color_mk2_1.0/src/color_tb.v:54]
WARNING: [VRFC 10-756] identifier data is used before its declaration [C:/532/color_laser_detect_ip_v1.44/ip_repo/color_mk2_1.0/src/color_tb.v:55]
WARNING: [VRFC 10-756] identifier data is used before its declaration [C:/532/color_laser_detect_ip_v1.44/ip_repo/color_mk2_1.0/src/color_tb.v:56]
WARNING: [VRFC 10-756] identifier data is used before its declaration [C:/532/color_laser_detect_ip_v1.44/ip_repo/color_mk2_1.0/src/color_tb.v:57]
WARNING: [VRFC 10-756] identifier data is used before its declaration [C:/532/color_laser_detect_ip_v1.44/ip_repo/color_mk2_1.0/src/color_tb.v:58]
WARNING: [VRFC 10-756] identifier data is used before its declaration [C:/532/color_laser_detect_ip_v1.44/ip_repo/color_mk2_1.0/src/color_tb.v:59]
WARNING: [VRFC 10-756] identifier data is used before its declaration [C:/532/color_laser_detect_ip_v1.44/ip_repo/color_mk2_1.0/src/color_tb.v:60]
INFO: [VRFC 10-2263] Analyzing Verilog file "C:/532/color_laser_detect_ip_v1.44/ip_repo/edit_color_mk2_v1_0.sim/sim_1/behav/glbl.v" into library xil_defaultlib
INFO: [VRFC 10-311] analyzing module glbl
